2024-05-17 11:55:25.733 [main] INFO  top.whgojp.Application - Starting Application using Java 1.8.0_382 on MacBook-Pro with PID 4177 (/Users/whgojp/Desktop/Security/JAVA/JavaSecLab/target/classes started by whgojp in /Users/whgojp/Desktop/Security/JAVA/JavaSecLab)
2024-05-17 11:55:25.735 [main] INFO  top.whgojp.Application - The following 1 profile is active: "dev"
2024-05-17 11:55:26.109 [main] INFO  o.s.boot.web.embedded.tomcat.TomcatWebServer - Tomcat initialized with port(s): 8080 (http)
2024-05-17 11:55:26.112 [main] INFO  org.apache.coyote.http11.Http11NioProtocol - Initializing ProtocolHandler ["http-nio-8080"]
2024-05-17 11:55:26.113 [main] INFO  org.apache.catalina.core.StandardService - Starting service [Tomcat]
2024-05-17 11:55:26.113 [main] INFO  org.apache.catalina.core.StandardEngine - Starting Servlet engine: [Apache Tomcat/9.0.78]
2024-05-17 11:55:26.145 [main] INFO  o.a.c.core.ContainerBase.[Tomcat].[localhost].[/] - Initializing Spring embedded WebApplicationContext
2024-05-17 11:55:26.145 [main] INFO  o.s.b.w.s.c.ServletWebServerApplicationContext - Root WebApplicationContext: initialization completed in 389 ms
2024-05-17 11:55:26.227 [main] INFO  o.s.b.a.web.servlet.WelcomePageHandlerMapping - Adding welcome page: class path resource [static/index.html]
2024-05-17 11:55:26.290 [main] INFO  org.apache.coyote.http11.Http11NioProtocol - Starting ProtocolHandler ["http-nio-8080"]
2024-05-17 11:55:26.300 [main] INFO  o.s.boot.web.embedded.tomcat.TomcatWebServer - Tomcat started on port(s): 8080 (http) with context path ''
2024-05-17 11:55:26.308 [main] INFO  top.whgojp.Application - Started Application in 0.81 seconds (JVM running for 1.042)
2024-05-17 11:55:26.309 [main] INFO  top.whgojp.Application - ==================SpringBoot启动成功================
2024-05-17 11:55:30.470 [http-nio-8080-exec-1] INFO  o.a.c.core.ContainerBase.[Tomcat].[localhost].[/] - Initializing Spring DispatcherServlet 'dispatcherServlet'
2024-05-17 11:55:30.470 [http-nio-8080-exec-1] INFO  org.springframework.web.servlet.DispatcherServlet - Initializing Servlet 'dispatcherServlet'
2024-05-17 11:55:30.471 [http-nio-8080-exec-1] INFO  org.springframework.web.servlet.DispatcherServlet - Completed initialization in 1 ms
2024-05-17 11:56:20.569 [main] INFO  top.whgojp.Application - Starting Application using Java 1.8.0_382 on MacBook-Pro with PID 4205 (/Users/whgojp/Desktop/Security/JAVA/JavaSecLab/target/classes started by whgojp in /Users/whgojp/Desktop/Security/JAVA/JavaSecLab)
2024-05-17 11:56:20.570 [main] INFO  top.whgojp.Application - The following 1 profile is active: "dev"
2024-05-17 11:56:20.962 [main] INFO  o.s.boot.web.embedded.tomcat.TomcatWebServer - Tomcat initialized with port(s): 8080 (http)
2024-05-17 11:56:20.966 [main] INFO  org.apache.coyote.http11.Http11NioProtocol - Initializing ProtocolHandler ["http-nio-8080"]
2024-05-17 11:56:20.966 [main] INFO  org.apache.catalina.core.StandardService - Starting service [Tomcat]
2024-05-17 11:56:20.967 [main] INFO  org.apache.catalina.core.StandardEngine - Starting Servlet engine: [Apache Tomcat/9.0.78]
2024-05-17 11:56:20.999 [main] INFO  o.a.c.core.ContainerBase.[Tomcat].[localhost].[/] - Initializing Spring embedded WebApplicationContext
2024-05-17 11:56:20.999 [main] INFO  o.s.b.w.s.c.ServletWebServerApplicationContext - Root WebApplicationContext: initialization completed in 408 ms
2024-05-17 11:56:21.082 [main] INFO  o.s.b.a.web.servlet.WelcomePageHandlerMapping - Adding welcome page: class path resource [static/index.html]
2024-05-17 11:56:21.147 [main] INFO  org.apache.coyote.http11.Http11NioProtocol - Starting ProtocolHandler ["http-nio-8080"]
2024-05-17 11:56:21.157 [main] INFO  o.s.boot.web.embedded.tomcat.TomcatWebServer - Tomcat started on port(s): 8080 (http) with context path ''
2024-05-17 11:56:21.164 [main] INFO  top.whgojp.Application - Started Application in 0.826 seconds (JVM running for 1.06)
2024-05-17 11:56:21.165 [main] INFO  top.whgojp.Application - ==================SpringBoot启动成功================
2024-05-17 11:56:24.279 [http-nio-8080-exec-1] INFO  o.a.c.core.ContainerBase.[Tomcat].[localhost].[/] - Initializing Spring DispatcherServlet 'dispatcherServlet'
2024-05-17 11:56:24.279 [http-nio-8080-exec-1] INFO  org.springframework.web.servlet.DispatcherServlet - Initializing Servlet 'dispatcherServlet'
2024-05-17 11:56:24.280 [http-nio-8080-exec-1] INFO  org.springframework.web.servlet.DispatcherServlet - Completed initialization in 1 ms
2024-05-17 11:57:24.002 [main] INFO  top.whgojp.Application - Starting Application using Java 1.8.0_382 on MacBook-Pro with PID 4268 (/Users/whgojp/Desktop/Security/JAVA/JavaSecLab/target/classes started by whgojp in /Users/whgojp/Desktop/Security/JAVA/JavaSecLab)
2024-05-17 11:57:24.003 [main] INFO  top.whgojp.Application - The following 1 profile is active: "dev"
2024-05-17 11:57:24.518 [main] INFO  o.s.boot.web.embedded.tomcat.TomcatWebServer - Tomcat initialized with port(s): 8080 (http)
2024-05-17 11:57:24.522 [main] INFO  org.apache.coyote.http11.Http11NioProtocol - Initializing ProtocolHandler ["http-nio-8080"]
2024-05-17 11:57:24.523 [main] INFO  org.apache.catalina.core.StandardService - Starting service [Tomcat]
2024-05-17 11:57:24.523 [main] INFO  org.apache.catalina.core.StandardEngine - Starting Servlet engine: [Apache Tomcat/9.0.78]
2024-05-17 11:57:24.557 [main] INFO  o.a.c.core.ContainerBase.[Tomcat].[localhost].[/] - Initializing Spring embedded WebApplicationContext
2024-05-17 11:57:24.558 [main] INFO  o.s.b.w.s.c.ServletWebServerApplicationContext - Root WebApplicationContext: initialization completed in 534 ms
2024-05-17 11:57:24.694 [main] INFO  o.s.b.a.web.servlet.WelcomePageHandlerMapping - Adding welcome page: class path resource [static/index.html]
2024-05-17 11:57:24.890 [main] INFO  org.apache.coyote.http11.Http11NioProtocol - Starting ProtocolHandler ["http-nio-8080"]
2024-05-17 11:57:24.900 [main] INFO  o.s.boot.web.embedded.tomcat.TomcatWebServer - Tomcat started on port(s): 8080 (http) with context path ''
2024-05-17 11:57:24.930 [main] INFO  o.s.boot.web.embedded.tomcat.TomcatWebServer - Tomcat initialized with port(s): 9090 (http)
2024-05-17 11:57:24.931 [main] INFO  org.apache.coyote.http11.Http11NioProtocol - Initializing ProtocolHandler ["http-nio-9090"]
2024-05-17 11:57:24.931 [main] INFO  org.apache.catalina.core.StandardService - Starting service [Tomcat]
2024-05-17 11:57:24.931 [main] INFO  org.apache.catalina.core.StandardEngine - Starting Servlet engine: [Apache Tomcat/9.0.78]
2024-05-17 11:57:24.935 [main] INFO  o.a.c.c.ContainerBase.[Tomcat-1].[localhost].[/] - Initializing Spring embedded WebApplicationContext
2024-05-17 11:57:24.935 [main] INFO  o.s.b.w.s.c.ServletWebServerApplicationContext - Root WebApplicationContext: initialization completed in 33 ms
2024-05-17 11:57:24.941 [main] INFO  o.s.b.actuate.endpoint.web.EndpointLinksResolver - Exposing 13 endpoint(s) beneath base path '/sys/actuator'
2024-05-17 11:57:24.959 [main] INFO  org.apache.coyote.http11.Http11NioProtocol - Starting ProtocolHandler ["http-nio-9090"]
2024-05-17 11:57:24.960 [main] INFO  o.s.boot.web.embedded.tomcat.TomcatWebServer - Tomcat started on port(s): 9090 (http) with context path ''
2024-05-17 11:57:24.970 [main] INFO  top.whgojp.Application - Started Application in 1.198 seconds (JVM running for 1.437)
2024-05-17 11:57:24.972 [main] INFO  top.whgojp.Application - ==================SpringBoot启动成功================
2024-05-17 11:57:25.226 [RMI TCP Connection(1)-192.168.174.248] INFO  o.a.c.core.ContainerBase.[Tomcat].[localhost].[/] - Initializing Spring DispatcherServlet 'dispatcherServlet'
2024-05-17 11:57:25.226 [RMI TCP Connection(1)-192.168.174.248] INFO  org.springframework.web.servlet.DispatcherServlet - Initializing Servlet 'dispatcherServlet'
2024-05-17 11:57:25.227 [RMI TCP Connection(1)-192.168.174.248] INFO  org.springframework.web.servlet.DispatcherServlet - Completed initialization in 1 ms
2024-05-17 11:57:25.305 [http-nio-9090-exec-1] INFO  o.a.c.c.ContainerBase.[Tomcat-1].[localhost].[/] - Initializing Spring DispatcherServlet 'dispatcherServlet'
2024-05-17 11:57:25.305 [http-nio-9090-exec-1] INFO  org.springframework.web.servlet.DispatcherServlet - Initializing Servlet 'dispatcherServlet'
2024-05-17 11:57:25.305 [http-nio-9090-exec-1] INFO  org.springframework.web.servlet.DispatcherServlet - Completed initialization in 0 ms
2024-05-17 12:32:09.318 [main] INFO  top.whgojp.Application - Starting Application using Java 1.8.0_382 on MacBook-Pro with PID 5402 (/Users/whgojp/Desktop/Security/JAVA/JavaSecLab/target/classes started by whgojp in /Users/whgojp/Desktop/Security/JAVA/JavaSecLab)
2024-05-17 12:32:09.320 [main] INFO  top.whgojp.Application - The following 1 profile is active: "dev"
2024-05-17 12:32:09.828 [main] INFO  o.s.boot.web.embedded.tomcat.TomcatWebServer - Tomcat initialized with port(s): 8080 (http)
2024-05-17 12:32:09.832 [main] INFO  org.apache.coyote.http11.Http11NioProtocol - Initializing ProtocolHandler ["http-nio-8080"]
2024-05-17 12:32:09.833 [main] INFO  org.apache.catalina.core.StandardService - Starting service [Tomcat]
2024-05-17 12:32:09.833 [main] INFO  org.apache.catalina.core.StandardEngine - Starting Servlet engine: [Apache Tomcat/9.0.78]
2024-05-17 12:32:09.872 [main] INFO  o.a.c.core.ContainerBase.[Tomcat].[localhost].[/] - Initializing Spring embedded WebApplicationContext
2024-05-17 12:32:09.872 [main] INFO  o.s.b.w.s.c.ServletWebServerApplicationContext - Root WebApplicationContext: initialization completed in 528 ms
2024-05-17 12:32:10.011 [main] INFO  o.s.b.a.web.servlet.WelcomePageHandlerMapping - Adding welcome page: class path resource [static/index.html]
2024-05-17 12:32:10.200 [main] INFO  org.apache.coyote.http11.Http11NioProtocol - Starting ProtocolHandler ["http-nio-8080"]
2024-05-17 12:32:10.210 [main] INFO  o.s.boot.web.embedded.tomcat.TomcatWebServer - Tomcat started on port(s): 8080 (http) with context path ''
2024-05-17 12:32:10.239 [main] INFO  o.s.boot.web.embedded.tomcat.TomcatWebServer - Tomcat initialized with port(s): 9090 (http)
2024-05-17 12:32:10.239 [main] INFO  org.apache.coyote.http11.Http11NioProtocol - Initializing ProtocolHandler ["http-nio-9090"]
2024-05-17 12:32:10.240 [main] INFO  org.apache.catalina.core.StandardService - Starting service [Tomcat]
2024-05-17 12:32:10.240 [main] INFO  org.apache.catalina.core.StandardEngine - Starting Servlet engine: [Apache Tomcat/9.0.78]
2024-05-17 12:32:10.244 [main] INFO  o.a.c.c.ContainerBase.[Tomcat-1].[localhost].[/] - Initializing Spring embedded WebApplicationContext
2024-05-17 12:32:10.244 [main] INFO  o.s.b.w.s.c.ServletWebServerApplicationContext - Root WebApplicationContext: initialization completed in 33 ms
2024-05-17 12:32:10.250 [main] INFO  o.s.b.actuate.endpoint.web.EndpointLinksResolver - Exposing 13 endpoint(s) beneath base path '/sys/actuator'
2024-05-17 12:32:10.267 [main] INFO  org.apache.coyote.http11.Http11NioProtocol - Starting ProtocolHandler ["http-nio-9090"]
2024-05-17 12:32:10.268 [main] INFO  o.s.boot.web.embedded.tomcat.TomcatWebServer - Tomcat started on port(s): 9090 (http) with context path ''
2024-05-17 12:32:10.277 [main] INFO  top.whgojp.Application - Started Application in 1.195 seconds (JVM running for 1.435)
2024-05-17 12:32:10.280 [main] INFO  top.whgojp.Application - ==================SpringBoot启动成功================
2024-05-17 12:32:10.520 [RMI TCP Connection(1)-192.168.174.248] INFO  o.a.c.core.ContainerBase.[Tomcat].[localhost].[/] - Initializing Spring DispatcherServlet 'dispatcherServlet'
2024-05-17 12:32:10.520 [RMI TCP Connection(1)-192.168.174.248] INFO  org.springframework.web.servlet.DispatcherServlet - Initializing Servlet 'dispatcherServlet'
2024-05-17 12:32:10.521 [RMI TCP Connection(1)-192.168.174.248] INFO  org.springframework.web.servlet.DispatcherServlet - Completed initialization in 1 ms
2024-05-17 19:10:42.271 [main] INFO  top.whgojp.Application - Starting Application using Java 1.8.0_382 on MacBook-Pro with PID 15203 (/Users/whgojp/Desktop/Security/JAVA/JavaSecLab/target/classes started by whgojp in /Users/whgojp/Desktop/Security/JAVA/JavaSecLab)
2024-05-17 19:10:42.273 [main] INFO  top.whgojp.Application - The following 1 profile is active: "dev"
2024-05-17 19:10:42.753 [main] INFO  o.s.boot.web.embedded.tomcat.TomcatWebServer - Tomcat initialized with port(s): 8080 (http)
2024-05-17 19:10:42.756 [main] INFO  org.apache.coyote.http11.Http11NioProtocol - Initializing ProtocolHandler ["http-nio-8080"]
2024-05-17 19:10:42.757 [main] INFO  org.apache.catalina.core.StandardService - Starting service [Tomcat]
2024-05-17 19:10:42.757 [main] INFO  org.apache.catalina.core.StandardEngine - Starting Servlet engine: [Apache Tomcat/9.0.78]
2024-05-17 19:10:42.792 [main] INFO  o.a.c.core.ContainerBase.[Tomcat].[localhost].[/] - Initializing Spring embedded WebApplicationContext
2024-05-17 19:10:42.792 [main] INFO  o.s.b.w.s.c.ServletWebServerApplicationContext - Root WebApplicationContext: initialization completed in 500 ms
2024-05-17 19:10:42.926 [main] INFO  o.s.b.a.web.servlet.WelcomePageHandlerMapping - Adding welcome page: class path resource [static/index.html]
2024-05-17 19:10:43.098 [main] INFO  org.apache.coyote.http11.Http11NioProtocol - Starting ProtocolHandler ["http-nio-8080"]
2024-05-17 19:10:43.108 [main] INFO  o.s.boot.web.embedded.tomcat.TomcatWebServer - Tomcat started on port(s): 8080 (http) with context path ''
2024-05-17 19:10:43.137 [main] INFO  o.s.boot.web.embedded.tomcat.TomcatWebServer - Tomcat initialized with port(s): 9090 (http)
2024-05-17 19:10:43.138 [main] INFO  org.apache.coyote.http11.Http11NioProtocol - Initializing ProtocolHandler ["http-nio-9090"]
2024-05-17 19:10:43.138 [main] INFO  org.apache.catalina.core.StandardService - Starting service [Tomcat]
2024-05-17 19:10:43.138 [main] INFO  org.apache.catalina.core.StandardEngine - Starting Servlet engine: [Apache Tomcat/9.0.78]
2024-05-17 19:10:43.142 [main] INFO  o.a.c.c.ContainerBase.[Tomcat-1].[localhost].[/] - Initializing Spring embedded WebApplicationContext
2024-05-17 19:10:43.142 [main] INFO  o.s.b.w.s.c.ServletWebServerApplicationContext - Root WebApplicationContext: initialization completed in 32 ms
2024-05-17 19:10:43.148 [main] INFO  o.s.b.actuate.endpoint.web.EndpointLinksResolver - Exposing 13 endpoint(s) beneath base path '/sys/actuator'
2024-05-17 19:10:43.165 [main] INFO  org.apache.coyote.http11.Http11NioProtocol - Starting ProtocolHandler ["http-nio-9090"]
2024-05-17 19:10:43.166 [main] INFO  o.s.boot.web.embedded.tomcat.TomcatWebServer - Tomcat started on port(s): 9090 (http) with context path ''
2024-05-17 19:10:43.174 [main] INFO  top.whgojp.Application - Started Application in 1.134 seconds (JVM running for 1.361)
2024-05-17 19:10:43.178 [main] INFO  top.whgojp.Application - ==================SpringBoot启动成功================
2024-05-17 19:10:43.509 [RMI TCP Connection(2)-172.20.10.4] INFO  o.a.c.core.ContainerBase.[Tomcat].[localhost].[/] - Initializing Spring DispatcherServlet 'dispatcherServlet'
2024-05-17 19:10:43.509 [RMI TCP Connection(2)-172.20.10.4] INFO  org.springframework.web.servlet.DispatcherServlet - Initializing Servlet 'dispatcherServlet'
2024-05-17 19:10:43.510 [RMI TCP Connection(2)-172.20.10.4] INFO  org.springframework.web.servlet.DispatcherServlet - Completed initialization in 1 ms
2024-05-17 19:12:08.231 [main] INFO  top.whgojp.Application - Starting Application using Java 1.8.0_382 on MacBook-Pro with PID 15374 (/Users/whgojp/Desktop/Security/JAVA/JavaSecLab/target/classes started by whgojp in /Users/whgojp/Desktop/Security/JAVA/JavaSecLab)
2024-05-17 19:12:08.232 [main] INFO  top.whgojp.Application - The following 1 profile is active: "dev"
2024-05-17 19:12:08.687 [main] INFO  o.s.boot.web.embedded.tomcat.TomcatWebServer - Tomcat initialized with port(s): 8080 (http)
2024-05-17 19:12:08.691 [main] INFO  org.apache.coyote.http11.Http11NioProtocol - Initializing ProtocolHandler ["http-nio-8080"]
2024-05-17 19:12:08.691 [main] INFO  org.apache.catalina.core.StandardService - Starting service [Tomcat]
2024-05-17 19:12:08.691 [main] INFO  org.apache.catalina.core.StandardEngine - Starting Servlet engine: [Apache Tomcat/9.0.78]
2024-05-17 19:12:08.726 [main] INFO  o.a.c.core.ContainerBase.[Tomcat].[localhost].[/] - Initializing Spring embedded WebApplicationContext
2024-05-17 19:12:08.726 [main] INFO  o.s.b.w.s.c.ServletWebServerApplicationContext - Root WebApplicationContext: initialization completed in 473 ms
2024-05-17 19:12:08.853 [main] INFO  o.s.b.a.web.servlet.WelcomePageHandlerMapping - Adding welcome page: class path resource [static/index.html]
2024-05-17 19:12:09.024 [main] INFO  org.apache.coyote.http11.Http11NioProtocol - Starting ProtocolHandler ["http-nio-8080"]
2024-05-17 19:12:09.036 [main] INFO  o.s.boot.web.embedded.tomcat.TomcatWebServer - Tomcat started on port(s): 8080 (http) with context path ''
2024-05-17 19:12:09.070 [main] INFO  o.s.boot.web.embedded.tomcat.TomcatWebServer - Tomcat initialized with port(s): 9090 (http)
2024-05-17 19:12:09.070 [main] INFO  org.apache.coyote.http11.Http11NioProtocol - Initializing ProtocolHandler ["http-nio-9090"]
2024-05-17 19:12:09.071 [main] INFO  org.apache.catalina.core.StandardService - Starting service [Tomcat]
2024-05-17 19:12:09.071 [main] INFO  org.apache.catalina.core.StandardEngine - Starting Servlet engine: [Apache Tomcat/9.0.78]
2024-05-17 19:12:09.075 [main] INFO  o.a.c.c.ContainerBase.[Tomcat-1].[localhost].[/] - Initializing Spring embedded WebApplicationContext
2024-05-17 19:12:09.075 [main] INFO  o.s.b.w.s.c.ServletWebServerApplicationContext - Root WebApplicationContext: initialization completed in 37 ms
2024-05-17 19:12:09.081 [main] INFO  o.s.b.actuate.endpoint.web.EndpointLinksResolver - Exposing 13 endpoint(s) beneath base path '/sys/actuator'
2024-05-17 19:12:09.099 [main] INFO  org.apache.coyote.http11.Http11NioProtocol - Starting ProtocolHandler ["http-nio-9090"]
2024-05-17 19:12:09.100 [main] INFO  o.s.boot.web.embedded.tomcat.TomcatWebServer - Tomcat started on port(s): 9090 (http) with context path ''
2024-05-17 19:12:09.109 [main] INFO  top.whgojp.Application - Started Application in 1.107 seconds (JVM running for 1.332)
2024-05-17 19:12:09.112 [main] INFO  top.whgojp.Application - ==================SpringBoot启动成功================
2024-05-17 19:12:09.156 [http-nio-8080-exec-1] INFO  o.a.c.core.ContainerBase.[Tomcat].[localhost].[/] - Initializing Spring DispatcherServlet 'dispatcherServlet'
2024-05-17 19:12:09.156 [http-nio-8080-exec-1] INFO  org.springframework.web.servlet.DispatcherServlet - Initializing Servlet 'dispatcherServlet'
2024-05-17 19:12:09.157 [http-nio-8080-exec-1] INFO  org.springframework.web.servlet.DispatcherServlet - Completed initialization in 1 ms
2024-05-17 19:22:49.072 [main] INFO  top.whgojp.Application - Starting Application using Java 1.8.0_382 on MacBook-Pro with PID 15647 (/Users/whgojp/Desktop/Security/JAVA/JavaSecLab/target/classes started by whgojp in /Users/whgojp/Desktop/Security/JAVA/JavaSecLab)
2024-05-17 19:22:49.073 [main] INFO  top.whgojp.Application - The following 1 profile is active: "dev"
2024-05-17 19:22:49.516 [main] INFO  o.s.boot.web.embedded.tomcat.TomcatWebServer - Tomcat initialized with port(s): 8080 (http)
2024-05-17 19:22:49.519 [main] INFO  org.apache.coyote.http11.Http11NioProtocol - Initializing ProtocolHandler ["http-nio-8080"]
2024-05-17 19:22:49.520 [main] INFO  org.apache.catalina.core.StandardService - Starting service [Tomcat]
2024-05-17 19:22:49.520 [main] INFO  org.apache.catalina.core.StandardEngine - Starting Servlet engine: [Apache Tomcat/9.0.78]
2024-05-17 19:22:49.553 [main] INFO  o.a.c.core.ContainerBase.[Tomcat].[localhost].[/] - Initializing Spring embedded WebApplicationContext
2024-05-17 19:22:49.553 [main] INFO  o.s.b.w.s.c.ServletWebServerApplicationContext - Root WebApplicationContext: initialization completed in 460 ms
2024-05-17 19:22:49.689 [main] INFO  o.s.b.a.web.servlet.WelcomePageHandlerMapping - Adding welcome page: class path resource [static/index.html]
2024-05-17 19:22:49.858 [main] INFO  org.apache.coyote.http11.Http11NioProtocol - Starting ProtocolHandler ["http-nio-8080"]
2024-05-17 19:22:49.868 [main] INFO  o.s.boot.web.embedded.tomcat.TomcatWebServer - Tomcat started on port(s): 8080 (http) with context path ''
2024-05-17 19:22:49.896 [main] INFO  o.s.boot.web.embedded.tomcat.TomcatWebServer - Tomcat initialized with port(s): 9090 (http)
2024-05-17 19:22:49.897 [main] INFO  org.apache.coyote.http11.Http11NioProtocol - Initializing ProtocolHandler ["http-nio-9090"]
2024-05-17 19:22:49.897 [main] INFO  org.apache.catalina.core.StandardService - Starting service [Tomcat]
2024-05-17 19:22:49.897 [main] INFO  org.apache.catalina.core.StandardEngine - Starting Servlet engine: [Apache Tomcat/9.0.78]
2024-05-17 19:22:49.901 [main] INFO  o.a.c.c.ContainerBase.[Tomcat-1].[localhost].[/] - Initializing Spring embedded WebApplicationContext
2024-05-17 19:22:49.901 [main] INFO  o.s.b.w.s.c.ServletWebServerApplicationContext - Root WebApplicationContext: initialization completed in 31 ms
2024-05-17 19:22:49.907 [main] INFO  o.s.b.actuate.endpoint.web.EndpointLinksResolver - Exposing 13 endpoint(s) beneath base path '/sys/actuator'
2024-05-17 19:22:49.923 [main] INFO  org.apache.coyote.http11.Http11NioProtocol - Starting ProtocolHandler ["http-nio-9090"]
2024-05-17 19:22:49.924 [main] INFO  o.s.boot.web.embedded.tomcat.TomcatWebServer - Tomcat started on port(s): 9090 (http) with context path ''
2024-05-17 19:22:49.932 [main] INFO  top.whgojp.Application - Started Application in 1.159 seconds (JVM running for 1.387)
2024-05-17 19:22:49.936 [main] INFO  top.whgojp.Application - ==================SpringBoot启动成功================
2024-05-17 19:22:50.141 [http-nio-8080-exec-1] INFO  o.a.c.core.ContainerBase.[Tomcat].[localhost].[/] - Initializing Spring DispatcherServlet 'dispatcherServlet'
2024-05-17 19:22:50.142 [http-nio-8080-exec-1] INFO  org.springframework.web.servlet.DispatcherServlet - Initializing Servlet 'dispatcherServlet'
2024-05-17 19:22:50.142 [http-nio-8080-exec-1] INFO  org.springframework.web.servlet.DispatcherServlet - Completed initialization in 0 ms
2024-05-17 19:23:32.444 [main] INFO  top.whgojp.Application - Starting Application using Java 1.8.0_382 on MacBook-Pro with PID 15719 (/Users/whgojp/Desktop/Security/JAVA/JavaSecLab/target/classes started by whgojp in /Users/whgojp/Desktop/Security/JAVA/JavaSecLab)
2024-05-17 19:23:32.445 [main] INFO  top.whgojp.Application - The following 1 profile is active: "dev"
2024-05-17 19:23:32.969 [main] INFO  o.s.boot.web.embedded.tomcat.TomcatWebServer - Tomcat initialized with port(s): 8080 (http)
2024-05-17 19:23:32.973 [main] INFO  org.apache.coyote.http11.Http11NioProtocol - Initializing ProtocolHandler ["http-nio-8080"]
2024-05-17 19:23:32.974 [main] INFO  org.apache.catalina.core.StandardService - Starting service [Tomcat]
2024-05-17 19:23:32.974 [main] INFO  org.apache.catalina.core.StandardEngine - Starting Servlet engine: [Apache Tomcat/9.0.78]
2024-05-17 19:23:33.008 [main] INFO  o.a.c.core.ContainerBase.[Tomcat].[localhost].[/] - Initializing Spring embedded WebApplicationContext
2024-05-17 19:23:33.008 [main] INFO  o.s.b.w.s.c.ServletWebServerApplicationContext - Root WebApplicationContext: initialization completed in 543 ms
2024-05-17 19:23:33.134 [main] INFO  o.s.b.a.web.servlet.WelcomePageHandlerMapping - Adding welcome page: class path resource [static/index.html]
2024-05-17 19:23:33.315 [main] INFO  org.apache.coyote.http11.Http11NioProtocol - Starting ProtocolHandler ["http-nio-8080"]
2024-05-17 19:23:33.324 [main] INFO  o.s.boot.web.embedded.tomcat.TomcatWebServer - Tomcat started on port(s): 8080 (http) with context path ''
2024-05-17 19:23:33.353 [main] INFO  o.s.boot.web.embedded.tomcat.TomcatWebServer - Tomcat initialized with port(s): 9090 (http)
2024-05-17 19:23:33.354 [main] INFO  org.apache.coyote.http11.Http11NioProtocol - Initializing ProtocolHandler ["http-nio-9090"]
2024-05-17 19:23:33.354 [main] INFO  org.apache.catalina.core.StandardService - Starting service [Tomcat]
2024-05-17 19:23:33.354 [main] INFO  org.apache.catalina.core.StandardEngine - Starting Servlet engine: [Apache Tomcat/9.0.78]
2024-05-17 19:23:33.358 [main] INFO  o.a.c.c.ContainerBase.[Tomcat-1].[localhost].[/] - Initializing Spring embedded WebApplicationContext
2024-05-17 19:23:33.358 [main] INFO  o.s.b.w.s.c.ServletWebServerApplicationContext - Root WebApplicationContext: initialization completed in 32 ms
2024-05-17 19:23:33.364 [main] INFO  o.s.b.actuate.endpoint.web.EndpointLinksResolver - Exposing 13 endpoint(s) beneath base path '/sys/actuator'
2024-05-17 19:23:33.381 [main] INFO  org.apache.coyote.http11.Http11NioProtocol - Starting ProtocolHandler ["http-nio-9090"]
2024-05-17 19:23:33.382 [main] INFO  o.s.boot.web.embedded.tomcat.TomcatWebServer - Tomcat started on port(s): 9090 (http) with context path ''
2024-05-17 19:23:33.390 [main] INFO  top.whgojp.Application - Started Application in 1.182 seconds (JVM running for 1.414)
2024-05-17 19:23:33.394 [main] INFO  top.whgojp.Application - ==================SpringBoot启动成功================
2024-05-17 19:23:33.575 [http-nio-8080-exec-1] INFO  o.a.c.core.ContainerBase.[Tomcat].[localhost].[/] - Initializing Spring DispatcherServlet 'dispatcherServlet'
2024-05-17 19:23:33.576 [http-nio-8080-exec-1] INFO  org.springframework.web.servlet.DispatcherServlet - Initializing Servlet 'dispatcherServlet'
2024-05-17 19:23:33.576 [http-nio-8080-exec-1] INFO  org.springframework.web.servlet.DispatcherServlet - Completed initialization in 0 ms
2024-05-17 19:24:10.298 [main] INFO  top.whgojp.Application - Starting Application using Java 1.8.0_382 on MacBook-Pro with PID 15794 (/Users/whgojp/Desktop/Security/JAVA/JavaSecLab/target/classes started by whgojp in /Users/whgojp/Desktop/Security/JAVA/JavaSecLab)
2024-05-17 19:24:10.299 [main] INFO  top.whgojp.Application - The following 1 profile is active: "dev"
2024-05-17 19:24:10.751 [main] INFO  o.s.boot.web.embedded.tomcat.TomcatWebServer - Tomcat initialized with port(s): 8080 (http)
2024-05-17 19:24:10.754 [main] INFO  org.apache.coyote.http11.Http11NioProtocol - Initializing ProtocolHandler ["http-nio-8080"]
2024-05-17 19:24:10.755 [main] INFO  org.apache.catalina.core.StandardService - Starting service [Tomcat]
2024-05-17 19:24:10.755 [main] INFO  org.apache.catalina.core.StandardEngine - Starting Servlet engine: [Apache Tomcat/9.0.78]
2024-05-17 19:24:10.787 [main] INFO  o.a.c.core.ContainerBase.[Tomcat].[localhost].[/] - Initializing Spring embedded WebApplicationContext
2024-05-17 19:24:10.787 [main] INFO  o.s.b.w.s.c.ServletWebServerApplicationContext - Root WebApplicationContext: initialization completed in 467 ms
2024-05-17 19:24:10.913 [main] INFO  o.s.b.a.web.servlet.WelcomePageHandlerMapping - Adding welcome page: class path resource [static/index.html]
2024-05-17 19:24:11.092 [main] INFO  org.apache.coyote.http11.Http11NioProtocol - Starting ProtocolHandler ["http-nio-8080"]
2024-05-17 19:24:11.101 [main] INFO  o.s.boot.web.embedded.tomcat.TomcatWebServer - Tomcat started on port(s): 8080 (http) with context path ''
2024-05-17 19:24:11.132 [main] INFO  o.s.boot.web.embedded.tomcat.TomcatWebServer - Tomcat initialized with port(s): 9090 (http)
2024-05-17 19:24:11.132 [main] INFO  org.apache.coyote.http11.Http11NioProtocol - Initializing ProtocolHandler ["http-nio-9090"]
2024-05-17 19:24:11.132 [main] INFO  org.apache.catalina.core.StandardService - Starting service [Tomcat]
2024-05-17 19:24:11.132 [main] INFO  org.apache.catalina.core.StandardEngine - Starting Servlet engine: [Apache Tomcat/9.0.78]
2024-05-17 19:24:11.136 [main] INFO  o.a.c.c.ContainerBase.[Tomcat-1].[localhost].[/] - Initializing Spring embedded WebApplicationContext
2024-05-17 19:24:11.136 [main] INFO  o.s.b.w.s.c.ServletWebServerApplicationContext - Root WebApplicationContext: initialization completed in 33 ms
2024-05-17 19:24:11.142 [main] INFO  o.s.b.actuate.endpoint.web.EndpointLinksResolver - Exposing 13 endpoint(s) beneath base path '/sys/actuator'
2024-05-17 19:24:11.159 [main] INFO  org.apache.coyote.http11.Http11NioProtocol - Starting ProtocolHandler ["http-nio-9090"]
2024-05-17 19:24:11.160 [main] INFO  o.s.boot.web.embedded.tomcat.TomcatWebServer - Tomcat started on port(s): 9090 (http) with context path ''
2024-05-17 19:24:11.168 [main] INFO  top.whgojp.Application - Started Application in 1.1 seconds (JVM running for 1.337)
2024-05-17 19:24:11.170 [main] INFO  top.whgojp.Application - ==================SpringBoot启动成功================
2024-05-17 19:24:11.554 [RMI TCP Connection(3)-172.20.10.4] INFO  o.a.c.core.ContainerBase.[Tomcat].[localhost].[/] - Initializing Spring DispatcherServlet 'dispatcherServlet'
2024-05-17 19:24:11.555 [RMI TCP Connection(3)-172.20.10.4] INFO  org.springframework.web.servlet.DispatcherServlet - Initializing Servlet 'dispatcherServlet'
2024-05-17 19:24:11.556 [RMI TCP Connection(3)-172.20.10.4] INFO  org.springframework.web.servlet.DispatcherServlet - Completed initialization in 1 ms
2024-05-17 19:29:36.193 [main] INFO  top.whgojp.Application - Starting Application using Java 1.8.0_382 on MacBook-Pro with PID 18129 (/Users/whgojp/Desktop/Security/JAVA/JavaSecLab/target/classes started by whgojp in /Users/whgojp/Desktop/Security/JAVA/JavaSecLab)
2024-05-17 19:29:36.194 [main] INFO  top.whgojp.Application - The following 1 profile is active: "dev"
2024-05-17 19:29:36.685 [main] INFO  o.s.boot.web.embedded.tomcat.TomcatWebServer - Tomcat initialized with port(s): 8080 (http)
2024-05-17 19:29:36.689 [main] INFO  org.apache.coyote.http11.Http11NioProtocol - Initializing ProtocolHandler ["http-nio-8080"]
2024-05-17 19:29:36.690 [main] INFO  org.apache.catalina.core.StandardService - Starting service [Tomcat]
2024-05-17 19:29:36.690 [main] INFO  org.apache.catalina.core.StandardEngine - Starting Servlet engine: [Apache Tomcat/9.0.78]
2024-05-17 19:29:36.725 [main] INFO  o.a.c.core.ContainerBase.[Tomcat].[localhost].[/] - Initializing Spring embedded WebApplicationContext
2024-05-17 19:29:36.725 [main] INFO  o.s.b.w.s.c.ServletWebServerApplicationContext - Root WebApplicationContext: initialization completed in 509 ms
2024-05-17 19:29:36.855 [main] INFO  o.s.b.a.web.servlet.WelcomePageHandlerMapping - Adding welcome page: class path resource [static/index.html]
2024-05-17 19:29:37.045 [main] INFO  org.apache.coyote.http11.Http11NioProtocol - Starting ProtocolHandler ["http-nio-8080"]
2024-05-17 19:29:37.055 [main] INFO  o.s.boot.web.embedded.tomcat.TomcatWebServer - Tomcat started on port(s): 8080 (http) with context path ''
2024-05-17 19:29:37.085 [main] INFO  o.s.boot.web.embedded.tomcat.TomcatWebServer - Tomcat initialized with port(s): 9090 (http)
2024-05-17 19:29:37.086 [main] INFO  org.apache.coyote.http11.Http11NioProtocol - Initializing ProtocolHandler ["http-nio-9090"]
2024-05-17 19:29:37.086 [main] INFO  org.apache.catalina.core.StandardService - Starting service [Tomcat]
2024-05-17 19:29:37.086 [main] INFO  org.apache.catalina.core.StandardEngine - Starting Servlet engine: [Apache Tomcat/9.0.78]
2024-05-17 19:29:37.090 [main] INFO  o.a.c.c.ContainerBase.[Tomcat-1].[localhost].[/] - Initializing Spring embedded WebApplicationContext
2024-05-17 19:29:37.090 [main] INFO  o.s.b.w.s.c.ServletWebServerApplicationContext - Root WebApplicationContext: initialization completed in 33 ms
2024-05-17 19:29:37.096 [main] INFO  o.s.b.actuate.endpoint.web.EndpointLinksResolver - Exposing 13 endpoint(s) beneath base path '/sys/actuator'
2024-05-17 19:29:37.114 [main] INFO  org.apache.coyote.http11.Http11NioProtocol - Starting ProtocolHandler ["http-nio-9090"]
2024-05-17 19:29:37.115 [main] INFO  o.s.boot.web.embedded.tomcat.TomcatWebServer - Tomcat started on port(s): 9090 (http) with context path ''
2024-05-17 19:29:37.123 [main] INFO  top.whgojp.Application - Started Application in 1.196 seconds (JVM running for 1.438)
2024-05-17 19:29:37.127 [main] INFO  top.whgojp.Application - ==================SpringBoot启动成功================
2024-05-17 19:29:37.465 [RMI TCP Connection(2)-172.20.10.4] INFO  o.a.c.core.ContainerBase.[Tomcat].[localhost].[/] - Initializing Spring DispatcherServlet 'dispatcherServlet'
2024-05-17 19:29:37.466 [RMI TCP Connection(2)-172.20.10.4] INFO  org.springframework.web.servlet.DispatcherServlet - Initializing Servlet 'dispatcherServlet'
2024-05-17 19:29:37.467 [RMI TCP Connection(2)-172.20.10.4] INFO  org.springframework.web.servlet.DispatcherServlet - Completed initialization in 1 ms
2024-05-17 19:53:16.771 [main] INFO  top.whgojp.Application - Starting Application using Java 1.8.0_382 on MacBook-Pro with PID 20501 (/Users/whgojp/Desktop/Security/JAVA/JavaSecLab/target/classes started by whgojp in /Users/whgojp/Desktop/Security/JAVA/JavaSecLab)
2024-05-17 19:53:16.773 [main] INFO  top.whgojp.Application - The following 1 profile is active: "dev"
2024-05-17 19:53:17.256 [main] INFO  o.s.boot.web.embedded.tomcat.TomcatWebServer - Tomcat initialized with port(s): 8080 (http)
2024-05-17 19:53:17.260 [main] INFO  org.apache.coyote.http11.Http11NioProtocol - Initializing ProtocolHandler ["http-nio-8080"]
2024-05-17 19:53:17.261 [main] INFO  org.apache.catalina.core.StandardService - Starting service [Tomcat]
2024-05-17 19:53:17.261 [main] INFO  org.apache.catalina.core.StandardEngine - Starting Servlet engine: [Apache Tomcat/9.0.78]
2024-05-17 19:53:17.297 [main] INFO  o.a.c.core.ContainerBase.[Tomcat].[localhost].[/] - Initializing Spring embedded WebApplicationContext
2024-05-17 19:53:17.297 [main] INFO  o.s.b.w.s.c.ServletWebServerApplicationContext - Root WebApplicationContext: initialization completed in 502 ms
2024-05-17 19:53:17.428 [main] INFO  o.s.b.a.web.servlet.WelcomePageHandlerMapping - Adding welcome page: class path resource [static/index.html]
2024-05-17 19:53:17.609 [main] INFO  org.apache.coyote.http11.Http11NioProtocol - Starting ProtocolHandler ["http-nio-8080"]
2024-05-17 19:53:17.620 [main] INFO  o.s.boot.web.embedded.tomcat.TomcatWebServer - Tomcat started on port(s): 8080 (http) with context path ''
2024-05-17 19:53:17.652 [main] INFO  o.s.boot.web.embedded.tomcat.TomcatWebServer - Tomcat initialized with port(s): 9090 (http)
2024-05-17 19:53:17.652 [main] INFO  org.apache.coyote.http11.Http11NioProtocol - Initializing ProtocolHandler ["http-nio-9090"]
2024-05-17 19:53:17.652 [main] INFO  org.apache.catalina.core.StandardService - Starting service [Tomcat]
2024-05-17 19:53:17.652 [main] INFO  org.apache.catalina.core.StandardEngine - Starting Servlet engine: [Apache Tomcat/9.0.78]
2024-05-17 19:53:17.656 [main] INFO  o.a.c.c.ContainerBase.[Tomcat-1].[localhost].[/] - Initializing Spring embedded WebApplicationContext
2024-05-17 19:53:17.656 [main] INFO  o.s.b.w.s.c.ServletWebServerApplicationContext - Root WebApplicationContext: initialization completed in 34 ms
2024-05-17 19:53:17.663 [main] INFO  o.s.b.actuate.endpoint.web.EndpointLinksResolver - Exposing 13 endpoint(s) beneath base path '/sys/actuator'
2024-05-17 19:53:17.681 [main] INFO  org.apache.coyote.http11.Http11NioProtocol - Starting ProtocolHandler ["http-nio-9090"]
2024-05-17 19:53:17.682 [main] INFO  o.s.boot.web.embedded.tomcat.TomcatWebServer - Tomcat started on port(s): 9090 (http) with context path ''
2024-05-17 19:53:17.691 [main] INFO  top.whgojp.Application - Started Application in 1.166 seconds (JVM running for 1.394)
2024-05-17 19:53:17.694 [main] INFO  top.whgojp.Application - ==================SpringBoot启动成功================
2024-05-17 19:53:18.014 [RMI TCP Connection(3)-172.20.10.4] INFO  o.a.c.core.ContainerBase.[Tomcat].[localhost].[/] - Initializing Spring DispatcherServlet 'dispatcherServlet'
2024-05-17 19:53:18.014 [RMI TCP Connection(3)-172.20.10.4] INFO  org.springframework.web.servlet.DispatcherServlet - Initializing Servlet 'dispatcherServlet'
2024-05-17 19:53:18.015 [RMI TCP Connection(3)-172.20.10.4] INFO  org.springframework.web.servlet.DispatcherServlet - Completed initialization in 1 ms
2024-05-17 19:53:42.132 [main] INFO  top.whgojp.Application - Starting Application using Java 1.8.0_382 on MacBook-Pro with PID 20549 (/Users/whgojp/Desktop/Security/JAVA/JavaSecLab/target/classes started by whgojp in /Users/whgojp/Desktop/Security/JAVA/JavaSecLab)
2024-05-17 19:53:42.135 [main] INFO  top.whgojp.Application - The following 1 profile is active: "dev"
2024-05-17 19:53:42.597 [main] INFO  o.s.boot.web.embedded.tomcat.TomcatWebServer - Tomcat initialized with port(s): 8080 (http)
2024-05-17 19:53:42.601 [main] INFO  org.apache.coyote.http11.Http11NioProtocol - Initializing ProtocolHandler ["http-nio-8080"]
2024-05-17 19:53:42.602 [main] INFO  org.apache.catalina.core.StandardService - Starting service [Tomcat]
2024-05-17 19:53:42.602 [main] INFO  org.apache.catalina.core.StandardEngine - Starting Servlet engine: [Apache Tomcat/9.0.78]
2024-05-17 19:53:42.635 [main] INFO  o.a.c.core.ContainerBase.[Tomcat].[localhost].[/] - Initializing Spring embedded WebApplicationContext
2024-05-17 19:53:42.635 [main] INFO  o.s.b.w.s.c.ServletWebServerApplicationContext - Root WebApplicationContext: initialization completed in 479 ms
2024-05-17 19:53:42.777 [main] INFO  o.s.b.a.web.servlet.WelcomePageHandlerMapping - Adding welcome page: class path resource [static/index.html]
2024-05-17 19:53:42.953 [main] INFO  org.apache.coyote.http11.Http11NioProtocol - Starting ProtocolHandler ["http-nio-8080"]
2024-05-17 19:53:42.962 [main] INFO  o.s.boot.web.embedded.tomcat.TomcatWebServer - Tomcat started on port(s): 8080 (http) with context path ''
2024-05-17 19:53:42.992 [main] INFO  o.s.boot.web.embedded.tomcat.TomcatWebServer - Tomcat initialized with port(s): 9090 (http)
2024-05-17 19:53:42.992 [main] INFO  org.apache.coyote.http11.Http11NioProtocol - Initializing ProtocolHandler ["http-nio-9090"]
2024-05-17 19:53:42.992 [main] INFO  org.apache.catalina.core.StandardService - Starting service [Tomcat]
2024-05-17 19:53:42.992 [main] INFO  org.apache.catalina.core.StandardEngine - Starting Servlet engine: [Apache Tomcat/9.0.78]
2024-05-17 19:53:42.996 [main] INFO  o.a.c.c.ContainerBase.[Tomcat-1].[localhost].[/] - Initializing Spring embedded WebApplicationContext
2024-05-17 19:53:42.996 [main] INFO  o.s.b.w.s.c.ServletWebServerApplicationContext - Root WebApplicationContext: initialization completed in 32 ms
2024-05-17 19:53:43.001 [main] INFO  o.s.b.actuate.endpoint.web.EndpointLinksResolver - Exposing 13 endpoint(s) beneath base path '/sys/actuator'
2024-05-17 19:53:43.019 [main] INFO  org.apache.coyote.http11.Http11NioProtocol - Starting ProtocolHandler ["http-nio-9090"]
2024-05-17 19:53:43.020 [main] INFO  o.s.boot.web.embedded.tomcat.TomcatWebServer - Tomcat started on port(s): 9090 (http) with context path ''
2024-05-17 19:53:43.028 [main] INFO  top.whgojp.Application - Started Application in 1.18 seconds (JVM running for 1.409)
2024-05-17 19:53:43.031 [main] INFO  top.whgojp.Application - ==================SpringBoot启动成功================
2024-05-17 19:53:43.321 [RMI TCP Connection(3)-172.20.10.4] INFO  o.a.c.core.ContainerBase.[Tomcat].[localhost].[/] - Initializing Spring DispatcherServlet 'dispatcherServlet'
2024-05-17 19:53:43.321 [RMI TCP Connection(3)-172.20.10.4] INFO  org.springframework.web.servlet.DispatcherServlet - Initializing Servlet 'dispatcherServlet'
2024-05-17 19:53:43.322 [RMI TCP Connection(3)-172.20.10.4] INFO  org.springframework.web.servlet.DispatcherServlet - Completed initialization in 1 ms
2024-05-17 19:55:07.518 [main] INFO  top.whgojp.Application - Starting Application using Java 1.8.0_382 on MacBook-Pro with PID 20759 (/Users/whgojp/Desktop/Security/JAVA/JavaSecLab/target/classes started by whgojp in /Users/whgojp/Desktop/Security/JAVA/JavaSecLab)
2024-05-17 19:55:07.520 [main] INFO  top.whgojp.Application - The following 1 profile is active: "dev"
2024-05-17 19:55:07.993 [main] INFO  o.s.boot.web.embedded.tomcat.TomcatWebServer - Tomcat initialized with port(s): 8080 (http)
2024-05-17 19:55:07.997 [main] INFO  org.apache.coyote.http11.Http11NioProtocol - Initializing ProtocolHandler ["http-nio-8080"]
2024-05-17 19:55:07.998 [main] INFO  org.apache.catalina.core.StandardService - Starting service [Tomcat]
2024-05-17 19:55:07.998 [main] INFO  org.apache.catalina.core.StandardEngine - Starting Servlet engine: [Apache Tomcat/9.0.78]
2024-05-17 19:55:08.034 [main] INFO  o.a.c.core.ContainerBase.[Tomcat].[localhost].[/] - Initializing Spring embedded WebApplicationContext
2024-05-17 19:55:08.034 [main] INFO  o.s.b.w.s.c.ServletWebServerApplicationContext - Root WebApplicationContext: initialization completed in 493 ms
2024-05-17 19:55:08.158 [main] INFO  o.s.b.a.web.servlet.WelcomePageHandlerMapping - Adding welcome page: class path resource [static/index.html]
2024-05-17 19:55:08.325 [main] INFO  org.apache.coyote.http11.Http11NioProtocol - Starting ProtocolHandler ["http-nio-8080"]
2024-05-17 19:55:08.335 [main] INFO  o.s.boot.web.embedded.tomcat.TomcatWebServer - Tomcat started on port(s): 8080 (http) with context path ''
2024-05-17 19:55:08.363 [main] INFO  o.s.boot.web.embedded.tomcat.TomcatWebServer - Tomcat initialized with port(s): 9090 (http)
2024-05-17 19:55:08.364 [main] INFO  org.apache.coyote.http11.Http11NioProtocol - Initializing ProtocolHandler ["http-nio-9090"]
2024-05-17 19:55:08.364 [main] INFO  org.apache.catalina.core.StandardService - Starting service [Tomcat]
2024-05-17 19:55:08.364 [main] INFO  org.apache.catalina.core.StandardEngine - Starting Servlet engine: [Apache Tomcat/9.0.78]
2024-05-17 19:55:08.368 [main] INFO  o.a.c.c.ContainerBase.[Tomcat-1].[localhost].[/] - Initializing Spring embedded WebApplicationContext
2024-05-17 19:55:08.368 [main] INFO  o.s.b.w.s.c.ServletWebServerApplicationContext - Root WebApplicationContext: initialization completed in 31 ms
2024-05-17 19:55:08.374 [main] INFO  o.s.b.actuate.endpoint.web.EndpointLinksResolver - Exposing 13 endpoint(s) beneath base path '/sys/actuator'
2024-05-17 19:55:08.391 [main] INFO  org.apache.coyote.http11.Http11NioProtocol - Starting ProtocolHandler ["http-nio-9090"]
2024-05-17 19:55:08.392 [main] INFO  o.s.boot.web.embedded.tomcat.TomcatWebServer - Tomcat started on port(s): 9090 (http) with context path ''
2024-05-17 19:55:08.400 [main] INFO  top.whgojp.Application - Started Application in 1.142 seconds (JVM running for 1.389)
2024-05-17 19:55:08.404 [main] INFO  top.whgojp.Application - ==================SpringBoot启动成功================
2024-05-17 19:55:08.714 [RMI TCP Connection(2)-172.20.10.4] INFO  o.a.c.core.ContainerBase.[Tomcat].[localhost].[/] - Initializing Spring DispatcherServlet 'dispatcherServlet'
2024-05-17 19:55:08.714 [RMI TCP Connection(2)-172.20.10.4] INFO  org.springframework.web.servlet.DispatcherServlet - Initializing Servlet 'dispatcherServlet'
2024-05-17 19:55:08.715 [RMI TCP Connection(2)-172.20.10.4] INFO  org.springframework.web.servlet.DispatcherServlet - Completed initialization in 1 ms
2024-05-17 20:00:27.623 [main] INFO  top.whgojp.Application - Starting Application using Java 1.8.0_382 on MacBook-Pro with PID 21838 (/Users/whgojp/Desktop/Security/JAVA/JavaSecLab/target/classes started by whgojp in /Users/whgojp/Desktop/Security/JAVA/JavaSecLab)
2024-05-17 20:00:27.624 [main] INFO  top.whgojp.Application - The following 1 profile is active: "dev"
2024-05-17 20:00:28.094 [main] INFO  o.s.boot.web.embedded.tomcat.TomcatWebServer - Tomcat initialized with port(s): 8080 (http)
2024-05-17 20:00:28.099 [main] INFO  org.apache.coyote.http11.Http11NioProtocol - Initializing ProtocolHandler ["http-nio-8080"]
2024-05-17 20:00:28.099 [main] INFO  org.apache.catalina.core.StandardService - Starting service [Tomcat]
2024-05-17 20:00:28.099 [main] INFO  org.apache.catalina.core.StandardEngine - Starting Servlet engine: [Apache Tomcat/9.0.78]
2024-05-17 20:00:28.132 [main] INFO  o.a.c.core.ContainerBase.[Tomcat].[localhost].[/] - Initializing Spring embedded WebApplicationContext
2024-05-17 20:00:28.133 [main] INFO  o.s.b.w.s.c.ServletWebServerApplicationContext - Root WebApplicationContext: initialization completed in 487 ms
2024-05-17 20:00:28.254 [main] INFO  o.s.b.a.web.servlet.WelcomePageHandlerMapping - Adding welcome page: class path resource [static/index.html]
2024-05-17 20:00:28.418 [main] INFO  org.apache.coyote.http11.Http11NioProtocol - Starting ProtocolHandler ["http-nio-8080"]
2024-05-17 20:00:28.428 [main] INFO  o.s.boot.web.embedded.tomcat.TomcatWebServer - Tomcat started on port(s): 8080 (http) with context path ''
2024-05-17 20:00:28.459 [main] INFO  o.s.boot.web.embedded.tomcat.TomcatWebServer - Tomcat initialized with port(s): 9090 (http)
2024-05-17 20:00:28.460 [main] INFO  org.apache.coyote.http11.Http11NioProtocol - Initializing ProtocolHandler ["http-nio-9090"]
2024-05-17 20:00:28.460 [main] INFO  org.apache.catalina.core.StandardService - Starting service [Tomcat]
2024-05-17 20:00:28.460 [main] INFO  org.apache.catalina.core.StandardEngine - Starting Servlet engine: [Apache Tomcat/9.0.78]
2024-05-17 20:00:28.465 [main] INFO  o.a.c.c.ContainerBase.[Tomcat-1].[localhost].[/] - Initializing Spring embedded WebApplicationContext
2024-05-17 20:00:28.465 [main] INFO  o.s.b.w.s.c.ServletWebServerApplicationContext - Root WebApplicationContext: initialization completed in 35 ms
2024-05-17 20:00:28.471 [main] INFO  o.s.b.actuate.endpoint.web.EndpointLinksResolver - Exposing 13 endpoint(s) beneath base path '/sys/actuator'
2024-05-17 20:00:28.488 [main] INFO  org.apache.coyote.http11.Http11NioProtocol - Starting ProtocolHandler ["http-nio-9090"]
2024-05-17 20:00:28.489 [main] INFO  o.s.boot.web.embedded.tomcat.TomcatWebServer - Tomcat started on port(s): 9090 (http) with context path ''
2024-05-17 20:00:28.497 [main] INFO  top.whgojp.Application - Started Application in 1.11 seconds (JVM running for 1.346)
2024-05-17 20:00:28.500 [main] INFO  top.whgojp.Application - ==================SpringBoot启动成功================
2024-05-17 20:00:28.847 [RMI TCP Connection(2)-172.20.10.4] INFO  o.a.c.core.ContainerBase.[Tomcat].[localhost].[/] - Initializing Spring DispatcherServlet 'dispatcherServlet'
2024-05-17 20:00:28.847 [RMI TCP Connection(2)-172.20.10.4] INFO  org.springframework.web.servlet.DispatcherServlet - Initializing Servlet 'dispatcherServlet'
2024-05-17 20:00:28.848 [RMI TCP Connection(2)-172.20.10.4] INFO  org.springframework.web.servlet.DispatcherServlet - Completed initialization in 1 ms
2024-05-17 20:04:10.098 [main] INFO  top.whgojp.Application - Starting Application using Java 1.8.0_382 on MacBook-Pro with PID 22193 (/Users/whgojp/Desktop/Security/JAVA/JavaSecLab/target/classes started by whgojp in /Users/whgojp/Desktop/Security/JAVA/JavaSecLab)
2024-05-17 20:04:10.099 [main] INFO  top.whgojp.Application - The following 1 profile is active: "dev"
2024-05-17 20:04:10.598 [main] INFO  o.s.boot.web.embedded.tomcat.TomcatWebServer - Tomcat initialized with port(s): 8080 (http)
2024-05-17 20:04:10.602 [main] INFO  org.apache.coyote.http11.Http11NioProtocol - Initializing ProtocolHandler ["http-nio-8080"]
2024-05-17 20:04:10.603 [main] INFO  org.apache.catalina.core.StandardService - Starting service [Tomcat]
2024-05-17 20:04:10.603 [main] INFO  org.apache.catalina.core.StandardEngine - Starting Servlet engine: [Apache Tomcat/9.0.78]
2024-05-17 20:04:10.639 [main] INFO  o.a.c.core.ContainerBase.[Tomcat].[localhost].[/] - Initializing Spring embedded WebApplicationContext
2024-05-17 20:04:10.639 [main] INFO  o.s.b.w.s.c.ServletWebServerApplicationContext - Root WebApplicationContext: initialization completed in 516 ms
2024-05-17 20:04:10.777 [main] INFO  o.s.b.a.web.servlet.WelcomePageHandlerMapping - Adding welcome page: class path resource [static/index.html]
2024-05-17 20:04:10.952 [main] INFO  org.apache.coyote.http11.Http11NioProtocol - Starting ProtocolHandler ["http-nio-8080"]
2024-05-17 20:04:10.962 [main] INFO  o.s.boot.web.embedded.tomcat.TomcatWebServer - Tomcat started on port(s): 8080 (http) with context path ''
2024-05-17 20:04:10.991 [main] INFO  o.s.boot.web.embedded.tomcat.TomcatWebServer - Tomcat initialized with port(s): 9090 (http)
2024-05-17 20:04:10.992 [main] INFO  org.apache.coyote.http11.Http11NioProtocol - Initializing ProtocolHandler ["http-nio-9090"]
2024-05-17 20:04:10.992 [main] INFO  org.apache.catalina.core.StandardService - Starting service [Tomcat]
2024-05-17 20:04:10.992 [main] INFO  org.apache.catalina.core.StandardEngine - Starting Servlet engine: [Apache Tomcat/9.0.78]
2024-05-17 20:04:10.997 [main] INFO  o.a.c.c.ContainerBase.[Tomcat-1].[localhost].[/] - Initializing Spring embedded WebApplicationContext
2024-05-17 20:04:10.997 [main] INFO  o.s.b.w.s.c.ServletWebServerApplicationContext - Root WebApplicationContext: initialization completed in 33 ms
2024-05-17 20:04:11.003 [main] INFO  o.s.b.actuate.endpoint.web.EndpointLinksResolver - Exposing 13 endpoint(s) beneath base path '/sys/actuator'
2024-05-17 20:04:11.020 [main] INFO  org.apache.coyote.http11.Http11NioProtocol - Starting ProtocolHandler ["http-nio-9090"]
2024-05-17 20:04:11.021 [main] INFO  o.s.boot.web.embedded.tomcat.TomcatWebServer - Tomcat started on port(s): 9090 (http) with context path ''
2024-05-17 20:04:11.030 [main] INFO  top.whgojp.Application - Started Application in 1.215 seconds (JVM running for 1.445)
2024-05-17 20:04:11.033 [main] INFO  top.whgojp.Application - ==================SpringBoot启动成功================
2024-05-17 20:04:11.281 [RMI TCP Connection(3)-172.20.10.4] INFO  o.a.c.core.ContainerBase.[Tomcat].[localhost].[/] - Initializing Spring DispatcherServlet 'dispatcherServlet'
2024-05-17 20:04:11.281 [RMI TCP Connection(3)-172.20.10.4] INFO  org.springframework.web.servlet.DispatcherServlet - Initializing Servlet 'dispatcherServlet'
2024-05-17 20:04:11.282 [RMI TCP Connection(3)-172.20.10.4] INFO  org.springframework.web.servlet.DispatcherServlet - Completed initialization in 1 ms
2024-05-17 20:05:02.287 [main] INFO  top.whgojp.Application - Starting Application using Java 1.8.0_382 on MacBook-Pro with PID 22268 (/Users/whgojp/Desktop/Security/JAVA/JavaSecLab/target/classes started by whgojp in /Users/whgojp/Desktop/Security/JAVA/JavaSecLab)
2024-05-17 20:05:02.289 [main] INFO  top.whgojp.Application - The following 1 profile is active: "dev"
2024-05-17 20:05:02.760 [main] INFO  o.s.boot.web.embedded.tomcat.TomcatWebServer - Tomcat initialized with port(s): 8080 (http)
2024-05-17 20:05:02.763 [main] INFO  org.apache.coyote.http11.Http11NioProtocol - Initializing ProtocolHandler ["http-nio-8080"]
2024-05-17 20:05:02.764 [main] INFO  org.apache.catalina.core.StandardService - Starting service [Tomcat]
2024-05-17 20:05:02.764 [main] INFO  org.apache.catalina.core.StandardEngine - Starting Servlet engine: [Apache Tomcat/9.0.78]
2024-05-17 20:05:02.798 [main] INFO  o.a.c.core.ContainerBase.[Tomcat].[localhost].[/] - Initializing Spring embedded WebApplicationContext
2024-05-17 20:05:02.798 [main] INFO  o.s.b.w.s.c.ServletWebServerApplicationContext - Root WebApplicationContext: initialization completed in 486 ms
2024-05-17 20:05:02.930 [main] INFO  o.s.b.a.web.servlet.WelcomePageHandlerMapping - Adding welcome page: class path resource [static/index.html]
2024-05-17 20:05:03.109 [main] INFO  org.apache.coyote.http11.Http11NioProtocol - Starting ProtocolHandler ["http-nio-8080"]
2024-05-17 20:05:03.119 [main] INFO  o.s.boot.web.embedded.tomcat.TomcatWebServer - Tomcat started on port(s): 8080 (http) with context path ''
2024-05-17 20:05:03.149 [main] INFO  o.s.boot.web.embedded.tomcat.TomcatWebServer - Tomcat initialized with port(s): 9090 (http)
2024-05-17 20:05:03.149 [main] INFO  org.apache.coyote.http11.Http11NioProtocol - Initializing ProtocolHandler ["http-nio-9090"]
2024-05-17 20:05:03.149 [main] INFO  org.apache.catalina.core.StandardService - Starting service [Tomcat]
2024-05-17 20:05:03.149 [main] INFO  org.apache.catalina.core.StandardEngine - Starting Servlet engine: [Apache Tomcat/9.0.78]
2024-05-17 20:05:03.153 [main] INFO  o.a.c.c.ContainerBase.[Tomcat-1].[localhost].[/] - Initializing Spring embedded WebApplicationContext
2024-05-17 20:05:03.153 [main] INFO  o.s.b.w.s.c.ServletWebServerApplicationContext - Root WebApplicationContext: initialization completed in 32 ms
2024-05-17 20:05:03.159 [main] INFO  o.s.b.actuate.endpoint.web.EndpointLinksResolver - Exposing 13 endpoint(s) beneath base path '/sys/actuator'
2024-05-17 20:05:03.177 [main] INFO  org.apache.coyote.http11.Http11NioProtocol - Starting ProtocolHandler ["http-nio-9090"]
2024-05-17 20:05:03.178 [main] INFO  o.s.boot.web.embedded.tomcat.TomcatWebServer - Tomcat started on port(s): 9090 (http) with context path ''
2024-05-17 20:05:03.186 [main] INFO  top.whgojp.Application - Started Application in 1.207 seconds (JVM running for 1.438)
2024-05-17 20:05:03.189 [main] INFO  top.whgojp.Application - ==================SpringBoot启动成功================
2024-05-17 20:05:03.432 [RMI TCP Connection(2)-172.20.10.4] INFO  o.a.c.core.ContainerBase.[Tomcat].[localhost].[/] - Initializing Spring DispatcherServlet 'dispatcherServlet'
2024-05-17 20:05:03.432 [RMI TCP Connection(2)-172.20.10.4] INFO  org.springframework.web.servlet.DispatcherServlet - Initializing Servlet 'dispatcherServlet'
2024-05-17 20:05:03.433 [RMI TCP Connection(2)-172.20.10.4] INFO  org.springframework.web.servlet.DispatcherServlet - Completed initialization in 1 ms
2024-05-17 20:05:39.948 [main] INFO  top.whgojp.Application - Starting Application using Java 1.8.0_382 on MacBook-Pro with PID 22326 (/Users/whgojp/Desktop/Security/JAVA/JavaSecLab/target/classes started by whgojp in /Users/whgojp/Desktop/Security/JAVA/JavaSecLab)
2024-05-17 20:05:39.950 [main] INFO  top.whgojp.Application - The following 1 profile is active: "dev"
2024-05-17 20:05:40.454 [main] INFO  o.s.boot.web.embedded.tomcat.TomcatWebServer - Tomcat initialized with port(s): 8080 (http)
2024-05-17 20:05:40.458 [main] INFO  org.apache.coyote.http11.Http11NioProtocol - Initializing ProtocolHandler ["http-nio-8080"]
2024-05-17 20:05:40.458 [main] INFO  org.apache.catalina.core.StandardService - Starting service [Tomcat]
2024-05-17 20:05:40.459 [main] INFO  org.apache.catalina.core.StandardEngine - Starting Servlet engine: [Apache Tomcat/9.0.78]
2024-05-17 20:05:40.492 [main] INFO  o.a.c.core.ContainerBase.[Tomcat].[localhost].[/] - Initializing Spring embedded WebApplicationContext
2024-05-17 20:05:40.492 [main] INFO  o.s.b.w.s.c.ServletWebServerApplicationContext - Root WebApplicationContext: initialization completed in 522 ms
2024-05-17 20:05:40.621 [main] INFO  o.s.b.a.web.servlet.WelcomePageHandlerMapping - Adding welcome page: class path resource [static/index.html]
2024-05-17 20:05:40.792 [main] INFO  org.apache.coyote.http11.Http11NioProtocol - Starting ProtocolHandler ["http-nio-8080"]
2024-05-17 20:05:40.801 [main] INFO  o.s.boot.web.embedded.tomcat.TomcatWebServer - Tomcat started on port(s): 8080 (http) with context path ''
2024-05-17 20:05:40.830 [main] INFO  o.s.boot.web.embedded.tomcat.TomcatWebServer - Tomcat initialized with port(s): 9090 (http)
2024-05-17 20:05:40.830 [main] INFO  org.apache.coyote.http11.Http11NioProtocol - Initializing ProtocolHandler ["http-nio-9090"]
2024-05-17 20:05:40.830 [main] INFO  org.apache.catalina.core.StandardService - Starting service [Tomcat]
2024-05-17 20:05:40.831 [main] INFO  org.apache.catalina.core.StandardEngine - Starting Servlet engine: [Apache Tomcat/9.0.78]
2024-05-17 20:05:40.834 [main] INFO  o.a.c.c.ContainerBase.[Tomcat-1].[localhost].[/] - Initializing Spring embedded WebApplicationContext
2024-05-17 20:05:40.834 [main] INFO  o.s.b.w.s.c.ServletWebServerApplicationContext - Root WebApplicationContext: initialization completed in 31 ms
2024-05-17 20:05:40.840 [main] INFO  o.s.b.actuate.endpoint.web.EndpointLinksResolver - Exposing 13 endpoint(s) beneath base path '/sys/actuator'
2024-05-17 20:05:40.856 [main] INFO  org.apache.coyote.http11.Http11NioProtocol - Starting ProtocolHandler ["http-nio-9090"]
2024-05-17 20:05:40.857 [main] INFO  o.s.boot.web.embedded.tomcat.TomcatWebServer - Tomcat started on port(s): 9090 (http) with context path ''
2024-05-17 20:05:40.865 [main] INFO  top.whgojp.Application - Started Application in 1.155 seconds (JVM running for 1.393)
2024-05-17 20:05:40.867 [main] INFO  top.whgojp.Application - ==================SpringBoot启动成功================
2024-05-17 20:05:41.169 [RMI TCP Connection(3)-172.20.10.4] INFO  o.a.c.core.ContainerBase.[Tomcat].[localhost].[/] - Initializing Spring DispatcherServlet 'dispatcherServlet'
2024-05-17 20:05:41.169 [RMI TCP Connection(3)-172.20.10.4] INFO  org.springframework.web.servlet.DispatcherServlet - Initializing Servlet 'dispatcherServlet'
2024-05-17 20:05:41.170 [RMI TCP Connection(3)-172.20.10.4] INFO  org.springframework.web.servlet.DispatcherServlet - Completed initialization in 1 ms
2024-05-17 20:06:43.628 [main] INFO  top.whgojp.Application - Starting Application using Java 1.8.0_382 on MacBook-Pro with PID 22415 (/Users/whgojp/Desktop/Security/JAVA/JavaSecLab/target/classes started by whgojp in /Users/whgojp/Desktop/Security/JAVA/JavaSecLab)
2024-05-17 20:06:43.629 [main] INFO  top.whgojp.Application - The following 1 profile is active: "dev"
2024-05-17 20:06:44.111 [main] INFO  o.s.boot.web.embedded.tomcat.TomcatWebServer - Tomcat initialized with port(s): 8080 (http)
2024-05-17 20:06:44.114 [main] INFO  org.apache.coyote.http11.Http11NioProtocol - Initializing ProtocolHandler ["http-nio-8080"]
2024-05-17 20:06:44.115 [main] INFO  org.apache.catalina.core.StandardService - Starting service [Tomcat]
2024-05-17 20:06:44.115 [main] INFO  org.apache.catalina.core.StandardEngine - Starting Servlet engine: [Apache Tomcat/9.0.78]
2024-05-17 20:06:44.151 [main] INFO  o.a.c.core.ContainerBase.[Tomcat].[localhost].[/] - Initializing Spring embedded WebApplicationContext
2024-05-17 20:06:44.151 [main] INFO  o.s.b.w.s.c.ServletWebServerApplicationContext - Root WebApplicationContext: initialization completed in 499 ms
2024-05-17 20:06:44.283 [main] INFO  o.s.b.a.web.servlet.WelcomePageHandlerMapping - Adding welcome page: class path resource [static/index.html]
2024-05-17 20:06:44.466 [main] INFO  org.apache.coyote.http11.Http11NioProtocol - Starting ProtocolHandler ["http-nio-8080"]
2024-05-17 20:06:44.475 [main] INFO  o.s.boot.web.embedded.tomcat.TomcatWebServer - Tomcat started on port(s): 8080 (http) with context path ''
2024-05-17 20:06:44.504 [main] INFO  o.s.boot.web.embedded.tomcat.TomcatWebServer - Tomcat initialized with port(s): 9090 (http)
2024-05-17 20:06:44.504 [main] INFO  org.apache.coyote.http11.Http11NioProtocol - Initializing ProtocolHandler ["http-nio-9090"]
2024-05-17 20:06:44.504 [main] INFO  org.apache.catalina.core.StandardService - Starting service [Tomcat]
2024-05-17 20:06:44.504 [main] INFO  org.apache.catalina.core.StandardEngine - Starting Servlet engine: [Apache Tomcat/9.0.78]
2024-05-17 20:06:44.508 [main] INFO  o.a.c.c.ContainerBase.[Tomcat-1].[localhost].[/] - Initializing Spring embedded WebApplicationContext
2024-05-17 20:06:44.508 [main] INFO  o.s.b.w.s.c.ServletWebServerApplicationContext - Root WebApplicationContext: initialization completed in 31 ms
2024-05-17 20:06:44.514 [main] INFO  o.s.b.actuate.endpoint.web.EndpointLinksResolver - Exposing 13 endpoint(s) beneath base path '/sys/actuator'
2024-05-17 20:06:44.533 [main] INFO  org.apache.coyote.http11.Http11NioProtocol - Starting ProtocolHandler ["http-nio-9090"]
2024-05-17 20:06:44.535 [main] INFO  o.s.boot.web.embedded.tomcat.TomcatWebServer - Tomcat started on port(s): 9090 (http) with context path ''
2024-05-17 20:06:44.543 [main] INFO  top.whgojp.Application - Started Application in 1.205 seconds (JVM running for 1.437)
2024-05-17 20:06:44.547 [main] INFO  top.whgojp.Application - ==================SpringBoot启动成功================
2024-05-17 20:06:44.804 [RMI TCP Connection(2)-172.20.10.4] INFO  o.a.c.core.ContainerBase.[Tomcat].[localhost].[/] - Initializing Spring DispatcherServlet 'dispatcherServlet'
2024-05-17 20:06:44.804 [RMI TCP Connection(2)-172.20.10.4] INFO  org.springframework.web.servlet.DispatcherServlet - Initializing Servlet 'dispatcherServlet'
2024-05-17 20:06:44.805 [RMI TCP Connection(2)-172.20.10.4] INFO  org.springframework.web.servlet.DispatcherServlet - Completed initialization in 1 ms
2024-05-17 20:08:41.055 [main] INFO  top.whgojp.Application - Starting Application using Java 1.8.0_382 on MacBook-Pro with PID 22575 (/Users/whgojp/Desktop/Security/JAVA/JavaSecLab/target/classes started by whgojp in /Users/whgojp/Desktop/Security/JAVA/JavaSecLab)
2024-05-17 20:08:41.057 [main] INFO  top.whgojp.Application - The following 1 profile is active: "dev"
2024-05-17 20:08:41.555 [main] INFO  o.s.boot.web.embedded.tomcat.TomcatWebServer - Tomcat initialized with port(s): 8080 (http)
2024-05-17 20:08:41.559 [main] INFO  org.apache.coyote.http11.Http11NioProtocol - Initializing ProtocolHandler ["http-nio-8080"]
2024-05-17 20:08:41.559 [main] INFO  org.apache.catalina.core.StandardService - Starting service [Tomcat]
2024-05-17 20:08:41.560 [main] INFO  org.apache.catalina.core.StandardEngine - Starting Servlet engine: [Apache Tomcat/9.0.78]
2024-05-17 20:08:41.594 [main] INFO  o.a.c.core.ContainerBase.[Tomcat].[localhost].[/] - Initializing Spring embedded WebApplicationContext
2024-05-17 20:08:41.594 [main] INFO  o.s.b.w.s.c.ServletWebServerApplicationContext - Root WebApplicationContext: initialization completed in 513 ms
2024-05-17 20:08:41.714 [main] INFO  o.s.b.a.web.servlet.WelcomePageHandlerMapping - Adding welcome page: class path resource [static/index.html]
2024-05-17 20:08:41.879 [main] INFO  org.apache.coyote.http11.Http11NioProtocol - Starting ProtocolHandler ["http-nio-8080"]
2024-05-17 20:08:41.888 [main] INFO  o.s.boot.web.embedded.tomcat.TomcatWebServer - Tomcat started on port(s): 8080 (http) with context path ''
2024-05-17 20:08:41.917 [main] INFO  o.s.boot.web.embedded.tomcat.TomcatWebServer - Tomcat initialized with port(s): 9090 (http)
2024-05-17 20:08:41.918 [main] INFO  org.apache.coyote.http11.Http11NioProtocol - Initializing ProtocolHandler ["http-nio-9090"]
2024-05-17 20:08:41.918 [main] INFO  org.apache.catalina.core.StandardService - Starting service [Tomcat]
2024-05-17 20:08:41.918 [main] INFO  org.apache.catalina.core.StandardEngine - Starting Servlet engine: [Apache Tomcat/9.0.78]
2024-05-17 20:08:41.922 [main] INFO  o.a.c.c.ContainerBase.[Tomcat-1].[localhost].[/] - Initializing Spring embedded WebApplicationContext
2024-05-17 20:08:41.923 [main] INFO  o.s.b.w.s.c.ServletWebServerApplicationContext - Root WebApplicationContext: initialization completed in 33 ms
2024-05-17 20:08:41.929 [main] INFO  o.s.b.actuate.endpoint.web.EndpointLinksResolver - Exposing 13 endpoint(s) beneath base path '/sys/actuator'
2024-05-17 20:08:41.947 [main] INFO  org.apache.coyote.http11.Http11NioProtocol - Starting ProtocolHandler ["http-nio-9090"]
2024-05-17 20:08:41.948 [main] INFO  o.s.boot.web.embedded.tomcat.TomcatWebServer - Tomcat started on port(s): 9090 (http) with context path ''
2024-05-17 20:08:41.956 [main] INFO  top.whgojp.Application - Started Application in 1.253 seconds (JVM running for 1.487)
2024-05-17 20:08:41.958 [main] INFO  top.whgojp.Application - ==================SpringBoot启动成功================
2024-05-17 20:08:42.005 [http-nio-8080-exec-1] INFO  o.a.c.core.ContainerBase.[Tomcat].[localhost].[/] - Initializing Spring DispatcherServlet 'dispatcherServlet'
2024-05-17 20:08:42.005 [http-nio-8080-exec-1] INFO  org.springframework.web.servlet.DispatcherServlet - Initializing Servlet 'dispatcherServlet'
2024-05-17 20:08:42.006 [http-nio-8080-exec-1] INFO  org.springframework.web.servlet.DispatcherServlet - Completed initialization in 1 ms
2024-05-17 20:25:43.425 [main] INFO  top.whgojp.Application - Starting Application using Java 1.8.0_382 on MacBook-Pro with PID 24005 (/Users/whgojp/Desktop/Security/JAVA/JavaSecLab/target/classes started by whgojp in /Users/whgojp/Desktop/Security/JAVA/JavaSecLab)
2024-05-17 20:25:43.427 [main] INFO  top.whgojp.Application - The following 1 profile is active: "dev"
2024-05-17 20:25:43.919 [main] INFO  o.s.boot.web.embedded.tomcat.TomcatWebServer - Tomcat initialized with port(s): 8080 (http)
2024-05-17 20:25:43.924 [main] INFO  org.apache.coyote.http11.Http11NioProtocol - Initializing ProtocolHandler ["http-nio-8080"]
2024-05-17 20:25:43.924 [main] INFO  org.apache.catalina.core.StandardService - Starting service [Tomcat]
2024-05-17 20:25:43.924 [main] INFO  org.apache.catalina.core.StandardEngine - Starting Servlet engine: [Apache Tomcat/9.0.78]
2024-05-17 20:25:43.958 [main] INFO  o.a.c.core.ContainerBase.[Tomcat].[localhost].[/] - Initializing Spring embedded WebApplicationContext
2024-05-17 20:25:43.958 [main] INFO  o.s.b.w.s.c.ServletWebServerApplicationContext - Root WebApplicationContext: initialization completed in 509 ms
2024-05-17 20:25:44.076 [main] INFO  o.s.b.a.web.servlet.WelcomePageHandlerMapping - Adding welcome page: class path resource [static/index.html]
2024-05-17 20:25:44.249 [main] INFO  org.apache.coyote.http11.Http11NioProtocol - Starting ProtocolHandler ["http-nio-8080"]
2024-05-17 20:25:44.259 [main] INFO  o.s.boot.web.embedded.tomcat.TomcatWebServer - Tomcat started on port(s): 8080 (http) with context path ''
2024-05-17 20:25:44.291 [main] INFO  o.s.boot.web.embedded.tomcat.TomcatWebServer - Tomcat initialized with port(s): 9090 (http)
2024-05-17 20:25:44.291 [main] INFO  org.apache.coyote.http11.Http11NioProtocol - Initializing ProtocolHandler ["http-nio-9090"]
2024-05-17 20:25:44.291 [main] INFO  org.apache.catalina.core.StandardService - Starting service [Tomcat]
2024-05-17 20:25:44.291 [main] INFO  org.apache.catalina.core.StandardEngine - Starting Servlet engine: [Apache Tomcat/9.0.78]
2024-05-17 20:25:44.295 [main] INFO  o.a.c.c.ContainerBase.[Tomcat-1].[localhost].[/] - Initializing Spring embedded WebApplicationContext
2024-05-17 20:25:44.295 [main] INFO  o.s.b.w.s.c.ServletWebServerApplicationContext - Root WebApplicationContext: initialization completed in 34 ms
2024-05-17 20:25:44.301 [main] INFO  o.s.b.actuate.endpoint.web.EndpointLinksResolver - Exposing 13 endpoint(s) beneath base path '/sys/actuator'
2024-05-17 20:25:44.318 [main] INFO  org.apache.coyote.http11.Http11NioProtocol - Starting ProtocolHandler ["http-nio-9090"]
2024-05-17 20:25:44.319 [main] INFO  o.s.boot.web.embedded.tomcat.TomcatWebServer - Tomcat started on port(s): 9090 (http) with context path ''
2024-05-17 20:25:44.328 [main] INFO  top.whgojp.Application - Started Application in 1.229 seconds (JVM running for 1.468)
2024-05-17 20:25:44.331 [main] INFO  top.whgojp.Application - ==================SpringBoot启动成功================
2024-05-17 20:25:44.586 [RMI TCP Connection(2)-172.20.10.4] INFO  o.a.c.core.ContainerBase.[Tomcat].[localhost].[/] - Initializing Spring DispatcherServlet 'dispatcherServlet'
2024-05-17 20:25:44.586 [RMI TCP Connection(2)-172.20.10.4] INFO  org.springframework.web.servlet.DispatcherServlet - Initializing Servlet 'dispatcherServlet'
2024-05-17 20:25:44.587 [RMI TCP Connection(2)-172.20.10.4] INFO  org.springframework.web.servlet.DispatcherServlet - Completed initialization in 1 ms
2024-05-17 20:26:16.413 [main] INFO  top.whgojp.Application - Starting Application using Java 1.8.0_382 on MacBook-Pro with PID 24067 (/Users/whgojp/Desktop/Security/JAVA/JavaSecLab/target/classes started by whgojp in /Users/whgojp/Desktop/Security/JAVA/JavaSecLab)
2024-05-17 20:26:16.415 [main] INFO  top.whgojp.Application - The following 1 profile is active: "dev"
2024-05-17 20:26:16.891 [main] INFO  o.s.boot.web.embedded.tomcat.TomcatWebServer - Tomcat initialized with port(s): 8080 (http)
2024-05-17 20:26:16.895 [main] INFO  org.apache.coyote.http11.Http11NioProtocol - Initializing ProtocolHandler ["http-nio-8080"]
2024-05-17 20:26:16.896 [main] INFO  org.apache.catalina.core.StandardService - Starting service [Tomcat]
2024-05-17 20:26:16.896 [main] INFO  org.apache.catalina.core.StandardEngine - Starting Servlet engine: [Apache Tomcat/9.0.78]
2024-05-17 20:26:16.930 [main] INFO  o.a.c.core.ContainerBase.[Tomcat].[localhost].[/] - Initializing Spring embedded WebApplicationContext
2024-05-17 20:26:16.930 [main] INFO  o.s.b.w.s.c.ServletWebServerApplicationContext - Root WebApplicationContext: initialization completed in 492 ms
2024-05-17 20:26:17.063 [main] INFO  o.s.b.a.web.servlet.WelcomePageHandlerMapping - Adding welcome page: class path resource [static/index.html]
2024-05-17 20:26:17.241 [main] INFO  org.apache.coyote.http11.Http11NioProtocol - Starting ProtocolHandler ["http-nio-8080"]
2024-05-17 20:26:17.251 [main] INFO  o.s.boot.web.embedded.tomcat.TomcatWebServer - Tomcat started on port(s): 8080 (http) with context path ''
2024-05-17 20:26:17.280 [main] INFO  o.s.boot.web.embedded.tomcat.TomcatWebServer - Tomcat initialized with port(s): 9090 (http)
2024-05-17 20:26:17.281 [main] INFO  org.apache.coyote.http11.Http11NioProtocol - Initializing ProtocolHandler ["http-nio-9090"]
2024-05-17 20:26:17.281 [main] INFO  org.apache.catalina.core.StandardService - Starting service [Tomcat]
2024-05-17 20:26:17.281 [main] INFO  org.apache.catalina.core.StandardEngine - Starting Servlet engine: [Apache Tomcat/9.0.78]
2024-05-17 20:26:17.285 [main] INFO  o.a.c.c.ContainerBase.[Tomcat-1].[localhost].[/] - Initializing Spring embedded WebApplicationContext
2024-05-17 20:26:17.285 [main] INFO  o.s.b.w.s.c.ServletWebServerApplicationContext - Root WebApplicationContext: initialization completed in 32 ms
2024-05-17 20:26:17.290 [main] INFO  o.s.b.actuate.endpoint.web.EndpointLinksResolver - Exposing 13 endpoint(s) beneath base path '/sys/actuator'
2024-05-17 20:26:17.307 [main] INFO  org.apache.coyote.http11.Http11NioProtocol - Starting ProtocolHandler ["http-nio-9090"]
2024-05-17 20:26:17.309 [main] INFO  o.s.boot.web.embedded.tomcat.TomcatWebServer - Tomcat started on port(s): 9090 (http) with context path ''
2024-05-17 20:26:17.317 [main] INFO  top.whgojp.Application - Started Application in 1.2 seconds (JVM running for 1.438)
2024-05-17 20:26:17.321 [main] INFO  top.whgojp.Application - ==================SpringBoot启动成功================
2024-05-17 20:26:17.571 [RMI TCP Connection(1)-172.20.10.4] INFO  o.a.c.core.ContainerBase.[Tomcat].[localhost].[/] - Initializing Spring DispatcherServlet 'dispatcherServlet'
2024-05-17 20:26:17.571 [RMI TCP Connection(1)-172.20.10.4] INFO  org.springframework.web.servlet.DispatcherServlet - Initializing Servlet 'dispatcherServlet'
2024-05-17 20:26:17.572 [RMI TCP Connection(1)-172.20.10.4] INFO  org.springframework.web.servlet.DispatcherServlet - Completed initialization in 1 ms
2024-05-17 20:52:22.704 [main] INFO  top.whgojp.Application - Starting Application using Java 1.8.0_382 on MacBook-Pro with PID 26232 (/Users/whgojp/Desktop/Security/JAVA/JavaSecLab/target/classes started by whgojp in /Users/whgojp/Desktop/Security/JAVA/JavaSecLab)
2024-05-17 20:52:22.705 [main] INFO  top.whgojp.Application - The following 1 profile is active: "dev"
2024-05-17 20:52:23.199 [main] INFO  o.s.boot.web.embedded.tomcat.TomcatWebServer - Tomcat initialized with port(s): 8080 (http)
2024-05-17 20:52:23.204 [main] INFO  org.apache.coyote.http11.Http11NioProtocol - Initializing ProtocolHandler ["http-nio-8080"]
2024-05-17 20:52:23.204 [main] INFO  org.apache.catalina.core.StandardService - Starting service [Tomcat]
2024-05-17 20:52:23.204 [main] INFO  org.apache.catalina.core.StandardEngine - Starting Servlet engine: [Apache Tomcat/9.0.78]
2024-05-17 20:52:23.242 [main] INFO  o.a.c.core.ContainerBase.[Tomcat].[localhost].[/] - Initializing Spring embedded WebApplicationContext
2024-05-17 20:52:23.242 [main] INFO  o.s.b.w.s.c.ServletWebServerApplicationContext - Root WebApplicationContext: initialization completed in 519 ms
2024-05-17 20:52:23.382 [main] INFO  o.s.b.a.web.servlet.WelcomePageHandlerMapping - Adding welcome page: class path resource [static/index.html]
2024-05-17 20:52:23.554 [main] INFO  org.apache.coyote.http11.Http11NioProtocol - Starting ProtocolHandler ["http-nio-8080"]
2024-05-17 20:52:23.564 [main] INFO  o.s.boot.web.embedded.tomcat.TomcatWebServer - Tomcat started on port(s): 8080 (http) with context path ''
2024-05-17 20:52:23.595 [main] INFO  o.s.boot.web.embedded.tomcat.TomcatWebServer - Tomcat initialized with port(s): 9090 (http)
2024-05-17 20:52:23.596 [main] INFO  org.apache.coyote.http11.Http11NioProtocol - Initializing ProtocolHandler ["http-nio-9090"]
2024-05-17 20:52:23.596 [main] INFO  org.apache.catalina.core.StandardService - Starting service [Tomcat]
2024-05-17 20:52:23.596 [main] INFO  org.apache.catalina.core.StandardEngine - Starting Servlet engine: [Apache Tomcat/9.0.78]
2024-05-17 20:52:23.600 [main] INFO  o.a.c.c.ContainerBase.[Tomcat-1].[localhost].[/] - Initializing Spring embedded WebApplicationContext
2024-05-17 20:52:23.600 [main] INFO  o.s.b.w.s.c.ServletWebServerApplicationContext - Root WebApplicationContext: initialization completed in 34 ms
2024-05-17 20:52:23.606 [main] INFO  o.s.b.actuate.endpoint.web.EndpointLinksResolver - Exposing 13 endpoint(s) beneath base path '/sys/actuator'
2024-05-17 20:52:23.624 [main] INFO  org.apache.coyote.http11.Http11NioProtocol - Starting ProtocolHandler ["http-nio-9090"]
2024-05-17 20:52:23.625 [main] INFO  o.s.boot.web.embedded.tomcat.TomcatWebServer - Tomcat started on port(s): 9090 (http) with context path ''
2024-05-17 20:52:23.632 [main] INFO  top.whgojp.Application - Started Application in 1.143 seconds (JVM running for 6.403)
2024-05-17 20:52:23.635 [main] INFO  top.whgojp.Application - ==================SpringBoot启动成功================
2024-05-17 20:52:23.692 [http-nio-8080-exec-1] INFO  o.a.c.core.ContainerBase.[Tomcat].[localhost].[/] - Initializing Spring DispatcherServlet 'dispatcherServlet'
2024-05-17 20:52:23.692 [http-nio-8080-exec-1] INFO  org.springframework.web.servlet.DispatcherServlet - Initializing Servlet 'dispatcherServlet'
2024-05-17 20:52:23.692 [http-nio-8080-exec-1] INFO  org.springframework.web.servlet.DispatcherServlet - Completed initialization in 0 ms
2024-05-17 20:53:55.878 [main] INFO  top.whgojp.Application - Starting Application using Java 1.8.0_382 on MacBook-Pro with PID 26378 (/Users/whgojp/Desktop/Security/JAVA/JavaSecLab/target/classes started by whgojp in /Users/whgojp/Desktop/Security/JAVA/JavaSecLab)
2024-05-17 20:53:55.879 [main] INFO  top.whgojp.Application - The following 1 profile is active: "dev"
2024-05-17 20:53:56.519 [main] INFO  o.s.boot.web.embedded.tomcat.TomcatWebServer - Tomcat initialized with port(s): 8080 (http)
2024-05-17 20:53:56.524 [main] INFO  org.apache.coyote.http11.Http11NioProtocol - Initializing ProtocolHandler ["http-nio-8080"]
2024-05-17 20:53:56.524 [main] INFO  org.apache.catalina.core.StandardService - Starting service [Tomcat]
2024-05-17 20:53:56.525 [main] INFO  org.apache.catalina.core.StandardEngine - Starting Servlet engine: [Apache Tomcat/9.0.78]
2024-05-17 20:53:56.563 [main] INFO  o.a.c.core.ContainerBase.[Tomcat].[localhost].[/] - Initializing Spring embedded WebApplicationContext
2024-05-17 20:53:56.563 [main] INFO  o.s.b.w.s.c.ServletWebServerApplicationContext - Root WebApplicationContext: initialization completed in 663 ms
2024-05-17 20:53:56.702 [main] INFO  o.s.b.a.web.servlet.WelcomePageHandlerMapping - Adding welcome page: class path resource [static/index.html]
2024-05-17 20:53:56.893 [main] INFO  org.apache.coyote.http11.Http11NioProtocol - Starting ProtocolHandler ["http-nio-8080"]
2024-05-17 20:53:56.904 [main] INFO  o.s.boot.web.embedded.tomcat.TomcatWebServer - Tomcat started on port(s): 8080 (http) with context path ''
2024-05-17 20:53:56.935 [main] INFO  o.s.boot.web.embedded.tomcat.TomcatWebServer - Tomcat initialized with port(s): 9090 (http)
2024-05-17 20:53:56.936 [main] INFO  org.apache.coyote.http11.Http11NioProtocol - Initializing ProtocolHandler ["http-nio-9090"]
2024-05-17 20:53:56.936 [main] INFO  org.apache.catalina.core.StandardService - Starting service [Tomcat]
2024-05-17 20:53:56.936 [main] INFO  org.apache.catalina.core.StandardEngine - Starting Servlet engine: [Apache Tomcat/9.0.78]
2024-05-17 20:53:56.941 [main] INFO  o.a.c.c.ContainerBase.[Tomcat-1].[localhost].[/] - Initializing Spring embedded WebApplicationContext
2024-05-17 20:53:56.941 [main] INFO  o.s.b.w.s.c.ServletWebServerApplicationContext - Root WebApplicationContext: initialization completed in 35 ms
2024-05-17 20:53:56.947 [main] INFO  o.s.b.actuate.endpoint.web.EndpointLinksResolver - Exposing 13 endpoint(s) beneath base path '/sys/actuator'
2024-05-17 20:53:56.965 [main] INFO  org.apache.coyote.http11.Http11NioProtocol - Starting ProtocolHandler ["http-nio-9090"]
2024-05-17 20:53:56.966 [main] INFO  o.s.boot.web.embedded.tomcat.TomcatWebServer - Tomcat started on port(s): 9090 (http) with context path ''
2024-05-17 20:53:56.975 [main] INFO  top.whgojp.Application - Started Application in 1.316 seconds (JVM running for 6.586)
2024-05-17 20:53:56.978 [main] INFO  top.whgojp.Application - ==================SpringBoot启动成功================
2024-05-17 20:53:57.273 [RMI TCP Connection(2)-192.168.1.141] INFO  o.a.c.core.ContainerBase.[Tomcat].[localhost].[/] - Initializing Spring DispatcherServlet 'dispatcherServlet'
2024-05-17 20:53:57.273 [RMI TCP Connection(2)-192.168.1.141] INFO  org.springframework.web.servlet.DispatcherServlet - Initializing Servlet 'dispatcherServlet'
2024-05-17 20:53:57.274 [RMI TCP Connection(2)-192.168.1.141] INFO  org.springframework.web.servlet.DispatcherServlet - Completed initialization in 1 ms
2024-05-17 20:54:47.343 [main] INFO  top.whgojp.Application - Starting Application using Java 1.8.0_382 on MacBook-Pro with PID 26462 (/Users/whgojp/Desktop/Security/JAVA/JavaSecLab/target/classes started by whgojp in /Users/whgojp/Desktop/Security/JAVA/JavaSecLab)
2024-05-17 20:54:47.345 [main] INFO  top.whgojp.Application - The following 1 profile is active: "dev"
2024-05-17 20:54:47.831 [main] INFO  o.s.boot.web.embedded.tomcat.TomcatWebServer - Tomcat initialized with port(s): 8080 (http)
2024-05-17 20:54:47.834 [main] INFO  org.apache.coyote.http11.Http11NioProtocol - Initializing ProtocolHandler ["http-nio-8080"]
2024-05-17 20:54:47.835 [main] INFO  org.apache.catalina.core.StandardService - Starting service [Tomcat]
2024-05-17 20:54:47.835 [main] INFO  org.apache.catalina.core.StandardEngine - Starting Servlet engine: [Apache Tomcat/9.0.78]
2024-05-17 20:54:47.867 [main] INFO  o.a.c.core.ContainerBase.[Tomcat].[localhost].[/] - Initializing Spring embedded WebApplicationContext
2024-05-17 20:54:47.868 [main] INFO  o.s.b.w.s.c.ServletWebServerApplicationContext - Root WebApplicationContext: initialization completed in 504 ms
2024-05-17 20:54:48.025 [main] INFO  o.s.b.a.web.servlet.WelcomePageHandlerMapping - Adding welcome page: class path resource [static/index.html]
2024-05-17 20:54:48.169 [main] INFO  org.apache.coyote.http11.Http11NioProtocol - Starting ProtocolHandler ["http-nio-8080"]
2024-05-17 20:54:48.178 [main] INFO  o.s.boot.web.embedded.tomcat.TomcatWebServer - Tomcat started on port(s): 8080 (http) with context path ''
2024-05-17 20:54:48.251 [main] INFO  o.s.boot.web.embedded.tomcat.TomcatWebServer - Tomcat initialized with port(s): 9090 (http)
2024-05-17 20:54:48.252 [main] INFO  org.apache.coyote.http11.Http11NioProtocol - Initializing ProtocolHandler ["http-nio-9090"]
2024-05-17 20:54:48.252 [main] INFO  org.apache.catalina.core.StandardService - Starting service [Tomcat]
2024-05-17 20:54:48.252 [main] INFO  org.apache.catalina.core.StandardEngine - Starting Servlet engine: [Apache Tomcat/9.0.78]
2024-05-17 20:54:48.256 [main] INFO  o.a.c.c.ContainerBase.[Tomcat-1].[localhost].[/] - Initializing Spring embedded WebApplicationContext
2024-05-17 20:54:48.256 [main] INFO  o.s.b.w.s.c.ServletWebServerApplicationContext - Root WebApplicationContext: initialization completed in 76 ms
2024-05-17 20:54:48.262 [main] INFO  o.s.b.actuate.endpoint.web.EndpointLinksResolver - Exposing 13 endpoint(s) beneath base path '/sys/actuator'
2024-05-17 20:54:48.279 [main] INFO  org.apache.coyote.http11.Http11NioProtocol - Starting ProtocolHandler ["http-nio-9090"]
2024-05-17 20:54:48.281 [main] INFO  o.s.boot.web.embedded.tomcat.TomcatWebServer - Tomcat started on port(s): 9090 (http) with context path ''
2024-05-17 20:54:48.291 [main] INFO  top.whgojp.Application - Started Application in 1.177 seconds (JVM running for 6.466)
2024-05-17 20:54:48.294 [main] INFO  top.whgojp.Application - ==================SpringBoot启动成功================
2024-05-17 20:54:48.310 [http-nio-8080-exec-1] INFO  o.a.c.core.ContainerBase.[Tomcat].[localhost].[/] - Initializing Spring DispatcherServlet 'dispatcherServlet'
2024-05-17 20:54:48.318 [http-nio-8080-exec-1] INFO  org.springframework.web.servlet.DispatcherServlet - Initializing Servlet 'dispatcherServlet'
2024-05-17 20:54:48.319 [http-nio-8080-exec-1] INFO  org.springframework.web.servlet.DispatcherServlet - Completed initialization in 0 ms
2024-05-17 20:56:45.566 [main] INFO  top.whgojp.Application - Starting Application using Java 1.8.0_382 on MacBook-Pro with PID 26648 (/Users/whgojp/Desktop/Security/JAVA/JavaSecLab/target/classes started by whgojp in /Users/whgojp/Desktop/Security/JAVA/JavaSecLab)
2024-05-17 20:56:45.567 [main] INFO  top.whgojp.Application - The following 1 profile is active: "dev"
2024-05-17 20:56:46.030 [main] INFO  o.s.boot.web.embedded.tomcat.TomcatWebServer - Tomcat initialized with port(s): 8080 (http)
2024-05-17 20:56:46.033 [main] INFO  org.apache.coyote.http11.Http11NioProtocol - Initializing ProtocolHandler ["http-nio-8080"]
2024-05-17 20:56:46.034 [main] INFO  org.apache.catalina.core.StandardService - Starting service [Tomcat]
2024-05-17 20:56:46.034 [main] INFO  org.apache.catalina.core.StandardEngine - Starting Servlet engine: [Apache Tomcat/9.0.78]
2024-05-17 20:56:46.070 [main] INFO  o.a.c.core.ContainerBase.[Tomcat].[localhost].[/] - Initializing Spring embedded WebApplicationContext
2024-05-17 20:56:46.070 [main] INFO  o.s.b.w.s.c.ServletWebServerApplicationContext - Root WebApplicationContext: initialization completed in 483 ms
2024-05-17 20:56:46.204 [main] INFO  o.s.b.a.web.servlet.WelcomePageHandlerMapping - Adding welcome page: class path resource [static/index.html]
2024-05-17 20:56:46.383 [main] INFO  org.apache.coyote.http11.Http11NioProtocol - Starting ProtocolHandler ["http-nio-8080"]
2024-05-17 20:56:46.394 [main] INFO  o.s.boot.web.embedded.tomcat.TomcatWebServer - Tomcat started on port(s): 8080 (http) with context path ''
2024-05-17 20:56:46.426 [main] INFO  o.s.boot.web.embedded.tomcat.TomcatWebServer - Tomcat initialized with port(s): 9090 (http)
2024-05-17 20:56:46.427 [main] INFO  org.apache.coyote.http11.Http11NioProtocol - Initializing ProtocolHandler ["http-nio-9090"]
2024-05-17 20:56:46.427 [main] INFO  org.apache.catalina.core.StandardService - Starting service [Tomcat]
2024-05-17 20:56:46.427 [main] INFO  org.apache.catalina.core.StandardEngine - Starting Servlet engine: [Apache Tomcat/9.0.78]
2024-05-17 20:56:46.432 [main] INFO  o.a.c.c.ContainerBase.[Tomcat-1].[localhost].[/] - Initializing Spring embedded WebApplicationContext
2024-05-17 20:56:46.432 [main] INFO  o.s.b.w.s.c.ServletWebServerApplicationContext - Root WebApplicationContext: initialization completed in 36 ms
2024-05-17 20:56:46.438 [main] INFO  o.s.b.actuate.endpoint.web.EndpointLinksResolver - Exposing 13 endpoint(s) beneath base path '/sys/actuator'
2024-05-17 20:56:46.456 [main] INFO  org.apache.coyote.http11.Http11NioProtocol - Starting ProtocolHandler ["http-nio-9090"]
2024-05-17 20:56:46.457 [main] INFO  o.s.boot.web.embedded.tomcat.TomcatWebServer - Tomcat started on port(s): 9090 (http) with context path ''
2024-05-17 20:56:46.465 [main] INFO  top.whgojp.Application - Started Application in 1.12 seconds (JVM running for 6.367)
2024-05-17 20:56:46.480 [main] INFO  top.whgojp.Application - ==================SpringBoot启动成功================
2024-05-17 20:56:46.980 [RMI TCP Connection(2)-192.168.1.141] INFO  o.a.c.core.ContainerBase.[Tomcat].[localhost].[/] - Initializing Spring DispatcherServlet 'dispatcherServlet'
2024-05-17 20:56:46.980 [RMI TCP Connection(2)-192.168.1.141] INFO  org.springframework.web.servlet.DispatcherServlet - Initializing Servlet 'dispatcherServlet'
2024-05-17 20:56:46.981 [RMI TCP Connection(2)-192.168.1.141] INFO  org.springframework.web.servlet.DispatcherServlet - Completed initialization in 0 ms
